<<<<<<< .mine
<<<<<<< .mine
@2007-03-14 20:45:33,417 #-# INFO #-# main #-# no.yts.dbtool.DBCon #-# DBCon.java #-# 185 #-# regProductGroup() #-# ProductGroup saved
@2007-03-14 20:45:33,482 #-# INFO #-# main #-# no.yts.dbtool.DBCon #-# DBCon.java #-# 185 #-# regProductGroup() #-# ProductGroup saved
@2007-03-14 20:45:33,545 #-# INFO #-# main #-# no.yts.dbtool.DBCon #-# DBCon.java #-# 185 #-# regProductGroup() #-# ProductGroup saved
@2007-03-14 20:45:33,900 #-# INFO #-# main #-# no.yts.dbtool.DBCon #-# DBCon.java #-# 214 #-# regOrderHead() #-# OrderHead saved
@2007-03-14 20:45:34,148 #-# INFO #-# main #-# no.yts.dbtool.DBCon #-# DBCon.java #-# 242 #-# regOrderline() #-# Orderline saved
@2007-03-14 20:45:34,338 #-# INFO #-# main #-# no.yts.dbtool.DBCon #-# DBCon.java #-# 373 #-# regSupplier() #-# supplier saved
@2007-03-14 20:45:34,405 #-# INFO #-# main #-# no.yts.dbtool.DBCon #-# DBCon.java #-# 373 #-# regSupplier() #-# supplier saved
@2007-03-14 20:45:34,470 #-# INFO #-# main #-# no.yts.dbtool.DBCon #-# DBCon.java #-# 373 #-# regSupplier() #-# supplier saved
@2007-03-14 20:45:34,536 #-# INFO #-# main #-# no.yts.dbtool.DBCon #-# DBCon.java #-# 373 #-# regSupplier() #-# supplier saved
@2007-03-14 20:45:34,603 #-# INFO #-# main #-# no.yts.dbtool.DBCon #-# DBCon.java #-# 373 #-# regSupplier() #-# supplier saved
@2007-03-14 20:45:35,098 #-# INFO #-# main #-# no.yts.dbtool.DBCon #-# DBCon.java #-# 404 #-# regProduct() #-# product saved
@2007-03-14 20:45:35,171 #-# INFO #-# main #-# no.yts.dbtool.DBCon #-# DBCon.java #-# 404 #-# regProduct() #-# product saved
@2007-03-14 20:45:35,241 #-# INFO #-# main #-# no.yts.dbtool.DBCon #-# DBCon.java #-# 404 #-# regProduct() #-# product saved
@2007-03-14 20:45:35,309 #-# INFO #-# main #-# no.yts.dbtool.DBCon #-# DBCon.java #-# 404 #-# regProduct() #-# product saved
@2007-03-14 20:45:35,376 #-# INFO #-# main #-# no.yts.dbtool.DBCon #-# DBCon.java #-# 404 #-# regProduct() #-# product saved
@2007-03-14 20:45:35,619 #-# INFO #-# main #-# no.yts.dbtool.DBCon #-# DBCon.java #-# 262 #-# regStores() #-# Stores saved
@2007-03-14 20:45:35,861 #-# INFO #-# main #-# no.yts.dbtool.DBCon #-# DBCon.java #-# 289 #-# regStoreLog() #-# Stores saved
@2007-03-14 20:45:35,985 #-# INFO #-# main #-# no.yts.dbtool.DBCon #-# DBCon.java #-# 461 #-# closeEM() #-# Entitymanager is now closed
@2007-03-14 20:54:54,410 #-# INFO #-# main #-# no.yts.dbtool.DBCon #-# DBCon.java #-# 152 #-# regProductCategory() #-# ProductCategory saved
@2007-03-14 20:54:54,469 #-# INFO #-# main #-# no.yts.dbtool.DBCon #-# DBCon.java #-# 152 #-# regProductCategory() #-# ProductCategory saved
@2007-03-14 20:54:54,529 #-# INFO #-# main #-# no.yts.dbtool.DBCon #-# DBCon.java #-# 152 #-# regProductCategory() #-# ProductCategory saved
@2007-03-14 20:54:54,590 #-# INFO #-# main #-# no.yts.dbtool.DBCon #-# DBCon.java #-# 152 #-# regProductCategory() #-# ProductCategory saved
@2007-03-14 20:54:54,649 #-# INFO #-# main #-# no.yts.dbtool.DBCon #-# DBCon.java #-# 152 #-# regProductCategory() #-# ProductCategory saved
@2007-03-14 20:54:54,994 #-# INFO #-# main #-# no.yts.dbtool.DBCon #-# DBCon.java #-# 185 #-# regProductGroup() #-# ProductGroup saved
@2007-03-14 20:54:55,060 #-# INFO #-# main #-# no.yts.dbtool.DBCon #-# DBCon.java #-# 185 #-# regProductGroup() #-# ProductGroup saved
@2007-03-14 20:54:55,122 #-# INFO #-# main #-# no.yts.dbtool.DBCon #-# DBCon.java #-# 185 #-# regProductGroup() #-# ProductGroup saved
@2007-03-14 20:54:55,185 #-# INFO #-# main #-# no.yts.dbtool.DBCon #-# DBCon.java #-# 185 #-# regProductGroup() #-# ProductGroup saved
@2007-03-14 20:54:55,252 #-# INFO #-# main #-# no.yts.dbtool.DBCon #-# DBCon.java #-# 185 #-# regProductGroup() #-# ProductGroup saved
@2007-03-14 20:54:55,317 #-# INFO #-# main #-# no.yts.dbtool.DBCon #-# DBCon.java #-# 185 #-# regProductGroup() #-# ProductGroup saved
@2007-03-14 20:54:55,377 #-# INFO #-# main #-# no.yts.dbtool.DBCon #-# DBCon.java #-# 185 #-# regProductGroup() #-# ProductGroup saved
@2007-03-14 20:54:55,445 #-# INFO #-# main #-# no.yts.dbtool.DBCon #-# DBCon.java #-# 185 #-# regProductGroup() #-# ProductGroup saved
@2007-03-14 20:54:55,510 #-# INFO #-# main #-# no.yts.dbtool.DBCon #-# DBCon.java #-# 185 #-# regProductGroup() #-# ProductGroup saved
@2007-03-14 20:54:55,570 #-# INFO #-# main #-# no.yts.dbtool.DBCon #-# DBCon.java #-# 185 #-# regProductGroup() #-# ProductGroup saved
@2007-03-14 20:54:55,635 #-# INFO #-# main #-# no.yts.dbtool.DBCon #-# DBCon.java #-# 185 #-# regProductGroup() #-# ProductGroup saved
@2007-03-14 20:54:55,695 #-# INFO #-# main #-# no.yts.dbtool.DBCon #-# DBCon.java #-# 185 #-# regProductGroup() #-# ProductGroup saved
@2007-03-14 20:54:55,755 #-# INFO #-# main #-# no.yts.dbtool.DBCon #-# DBCon.java #-# 185 #-# regProductGroup() #-# ProductGroup saved
@2007-03-14 20:54:55,817 #-# INFO #-# main #-# no.yts.dbtool.DBCon #-# DBCon.java #-# 185 #-# regProductGroup() #-# ProductGroup saved
@2007-03-14 20:54:55,893 #-# INFO #-# main #-# no.yts.dbtool.DBCon #-# DBCon.java #-# 185 #-# regProductGroup() #-# ProductGroup saved
@2007-03-14 20:54:55,957 #-# INFO #-# main #-# no.yts.dbtool.DBCon #-# DBCon.java #-# 185 #-# regProductGroup() #-# ProductGroup saved
@2007-03-14 20:54:56,023 #-# INFO #-# main #-# no.yts.dbtool.DBCon #-# DBCon.java #-# 185 #-# regProductGroup() #-# ProductGroup saved
@2007-03-14 20:54:56,088 #-# INFO #-# main #-# no.yts.dbtool.DBCon #-# DBCon.java #-# 185 #-# regProductGroup() #-# ProductGroup saved
@2007-03-14 20:54:56,150 #-# INFO #-# main #-# no.yts.dbtool.DBCon #-# DBCon.java #-# 185 #-# regProductGroup() #-# ProductGroup saved
@2007-03-14 20:54:56,215 #-# INFO #-# main #-# no.yts.dbtool.DBCon #-# DBCon.java #-# 185 #-# regProductGroup() #-# ProductGroup saved
@2007-03-14 20:54:56,282 #-# INFO #-# main #-# no.yts.dbtool.DBCon #-# DBCon.java #-# 185 #-# regProductGroup() #-# ProductGroup saved
@2007-03-14 20:54:56,345 #-# INFO #-# main #-# no.yts.dbtool.DBCon #-# DBCon.java #-# 185 #-# regProductGroup() #-# ProductGroup saved
@2007-03-14 20:54:56,679 #-# INFO #-# main #-# no.yts.dbtool.DBCon #-# DBCon.java #-# 214 #-# regOrderHead() #-# OrderHead saved
@2007-03-14 20:54:56,950 #-# INFO #-# main #-# no.yts.dbtool.DBCon #-# DBCon.java #-# 242 #-# regOrderline() #-# Orderline saved
@2007-03-14 20:54:57,138 #-# INFO #-# main #-# no.yts.dbtool.DBCon #-# DBCon.java #-# 373 #-# regSupplier() #-# supplier saved
@2007-03-14 20:54:57,206 #-# INFO #-# main #-# no.yts.dbtool.DBCon #-# DBCon.java #-# 373 #-# regSupplier() #-# supplier saved
@2007-03-14 20:54:57,278 #-# INFO #-# main #-# no.yts.dbtool.DBCon #-# DBCon.java #-# 373 #-# regSupplier() #-# supplier saved
@2007-03-14 20:54:57,343 #-# INFO #-# main #-# no.yts.dbtool.DBCon #-# DBCon.java #-# 373 #-# regSupplier() #-# supplier saved
@2007-03-14 20:54:57,436 #-# INFO #-# main #-# no.yts.dbtool.DBCon #-# DBCon.java #-# 373 #-# regSupplier() #-# supplier saved
@2007-03-14 20:54:57,936 #-# INFO #-# main #-# no.yts.dbtool.DBCon #-# DBCon.java #-# 404 #-# regProduct() #-# product saved
@2007-03-14 20:54:58,001 #-# INFO #-# main #-# no.yts.dbtool.DBCon #-# DBCon.java #-# 404 #-# regProduct() #-# product saved
@2007-03-14 20:54:58,066 #-# INFO #-# main #-# no.yts.dbtool.DBCon #-# DBCon.java #-# 404 #-# regProduct() #-# product saved
@2007-03-14 20:54:58,129 #-# INFO #-# main #-# no.yts.dbtool.DBCon #-# DBCon.java #-# 404 #-# regProduct() #-# product saved
@2007-03-14 20:54:58,199 #-# INFO #-# main #-# no.yts.dbtool.DBCon #-# DBCon.java #-# 404 #-# regProduct() #-# product saved
@2007-03-14 20:54:58,436 #-# INFO #-# main #-# no.yts.dbtool.DBCon #-# DBCon.java #-# 262 #-# regStores() #-# Stores saved
@2007-03-14 20:54:58,697 #-# INFO #-# main #-# no.yts.dbtool.DBCon #-# DBCon.java #-# 289 #-# regStoreLog() #-# Stores saved
@2007-03-14 20:54:58,821 #-# INFO #-# main #-# no.yts.dbtool.DBCon #-# DBCon.java #-# 461 #-# closeEM() #-# Entitymanager is now closed
@2007-03-14 21:00:19,875 #-# INFO #-# AWT-EventQueue-0 #-# no.yts.admintool.FrmMain #-# FrmMain.java #-# 33 #-# <init>() #-# FrmMain Object created
@2007-03-14 21:00:32,433 #-# INFO #-# AWT-EventQueue-0 #-# no.yts.dbtool.DBCon #-# DBCon.java #-# 461 #-# closeEM() #-# Entitymanager is now closed
@2007-03-14 21:00:44,618 #-# INFO #-# AWT-EventQueue-0 #-# no.yts.dbtool.DBCon #-# DBCon.java #-# 461 #-# closeEM() #-# Entitymanager is now closed
@2007-03-14 21:00:51,247 #-# INFO #-# AWT-EventQueue-0 #-# no.yts.dbtool.DBCon #-# DBCon.java #-# 461 #-# closeEM() #-# Entitymanager is now closed
@2007-03-14 21:01:04,008 #-# INFO #-# AWT-EventQueue-0 #-# no.yts.dbtool.DBCon #-# DBCon.java #-# 461 #-# closeEM() #-# Entitymanager is now closed
@2007-03-14 21:01:13,207 #-# INFO #-# AWT-EventQueue-0 #-# no.yts.dbtool.DBCon #-# DBCon.java #-# 461 #-# closeEM() #-# Entitymanager is now closed
@2007-03-14 21:01:41,598 #-# INFO #-# AWT-EventQueue-0 #-# no.yts.admintool.FrmMain #-# FrmMain.java #-# 33 #-# <init>() #-# FrmMain Object created
@2007-03-14 21:03:03,665 #-# INFO #-# AWT-EventQueue-0 #-# no.yts.dbtool.DBCon #-# DBCon.java #-# 461 #-# closeEM() #-# Entitymanager is now closed
@2007-03-14 21:03:14,469 #-# INFO #-# AWT-EventQueue-0 #-# no.yts.dbtool.DBCon #-# DBCon.java #-# 461 #-# closeEM() #-# Entitymanager is now closed
@2007-03-15 09:41:10,795 #-# INFO #-# AWT-EventQueue-0 #-# no.yts.admintool.FrmMain #-# FrmMain.java #-# 33 #-# <init>() #-# FrmMain Object created
@2007-03-15 09:42:00,096 #-# INFO #-# AWT-EventQueue-0 #-# no.yts.admintool.FrmMain #-# FrmMain.java #-# 33 #-# <init>() #-# FrmMain Object created
@2007-03-15 09:42:17,301 #-# INFO #-# AWT-EventQueue-0 #-# no.yts.dbtool.DBCon #-# DBCon.java #-# 461 #-# closeEM() #-# Entitymanager is now closed
@2007-03-15 09:43:59,578 #-# INFO #-# AWT-EventQueue-0 #-# no.yts.dbtool.DBCon #-# DBCon.java #-# 461 #-# closeEM() #-# Entitymanager is now closed
@2007-03-15 09:46:18,498 #-# INFO #-# AWT-EventQueue-0 #-# no.yts.admintool.FrmMain #-# FrmMain.java #-# 33 #-# <init>() #-# FrmMain Object created
@2007-03-15 09:46:34,170 #-# INFO #-# AWT-EventQueue-0 #-# no.yts.dbtool.DBCon #-# DBCon.java #-# 461 #-# closeEM() #-# Entitymanager is now closed
@2007-03-15 09:46:41,631 #-# INFO #-# AWT-EventQueue-0 #-# no.yts.dbtool.DBCon #-# DBCon.java #-# 461 #-# closeEM() #-# Entitymanager is now closed
@2007-03-15 09:46:49,953 #-# INFO #-# AWT-EventQueue-0 #-# no.yts.dbtool.DBCon #-# DBCon.java #-# 461 #-# closeEM() #-# Entitymanager is now closed
@2007-03-15 09:55:04,705 #-# INFO #-# AWT-EventQueue-0 #-# no.yts.admintool.FrmMain #-# FrmMain.java #-# 33 #-# <init>() #-# FrmMain Object created
@2007-03-15 09:55:36,120 #-# INFO #-# AWT-EventQueue-0 #-# no.yts.dbtool.DBCon #-# DBCon.java #-# 461 #-# closeEM() #-# Entitymanager is now closed
@2007-03-15 10:05:16,534 #-# INFO #-# AWT-EventQueue-0 #-# no.yts.admintool.FrmMain #-# FrmMain.java #-# 33 #-# <init>() #-# FrmMain Object created
@2007-03-15 10:05:32,557 #-# INFO #-# AWT-EventQueue-0 #-# no.yts.dbtool.DBCon #-# DBCon.java #-# 461 #-# closeEM() #-# Entitymanager is now closed
@2007-03-15 10:05:47,399 #-# INFO #-# AWT-EventQueue-0 #-# no.yts.dbtool.DBCon #-# DBCon.java #-# 461 #-# closeEM() #-# Entitymanager is now closed
@2007-03-15 10:05:57,503 #-# INFO #-# AWT-EventQueue-0 #-# no.yts.dbtool.DBCon #-# DBCon.java #-# 461 #-# closeEM() #-# Entitymanager is now closed
@2007-03-15 10:06:06,927 #-# INFO #-# AWT-EventQueue-0 #-# no.yts.dbtool.DBCon #-# DBCon.java #-# 461 #-# closeEM() #-# Entitymanager is now closed
@2007-03-15 10:06:32,073 #-# INFO #-# AWT-EventQueue-0 #-# no.yts.dbtool.DBCon #-# DBCon.java #-# 461 #-# closeEM() #-# Entitymanager is now closed
@2007-03-15 11:09:47,848 #-# INFO #-# AWT-EventQueue-0 #-# no.yts.admintool.FrmMain #-# FrmMain.java #-# 33 #-# <init>() #-# FrmMain Object created
@2007-03-15 11:10:07,506 #-# INFO #-# AWT-EventQueue-0 #-# no.yts.dbtool.DBCon #-# DBCon.java #-# 461 #-# closeEM() #-# Entitymanager is now closed
@2007-03-15 11:11:21,202 #-# INFO #-# AWT-EventQueue-0 #-# no.yts.admintool.FrmMain #-# FrmMain.java #-# 33 #-# <init>() #-# FrmMain Object created
@2007-03-15 11:11:33,179 #-# INFO #-# AWT-EventQueue-0 #-# no.yts.dbtool.DBCon #-# DBCon.java #-# 461 #-# closeEM() #-# Entitymanager is now closed
@2007-03-15 11:15:37,370 #-# INFO #-# AWT-EventQueue-0 #-# no.yts.admintool.FrmMain #-# FrmMain.java #-# 33 #-# <init>() #-# FrmMain Object created
@2007-03-15 11:15:55,517 #-# INFO #-# AWT-EventQueue-0 #-# no.yts.dbtool.DBCon #-# DBCon.java #-# 461 #-# closeEM() #-# Entitymanager is now closed
@2007-03-15 11:17:14,881 #-# INFO #-# AWT-EventQueue-0 #-# no.yts.admintool.FrmMain #-# FrmMain.java #-# 33 #-# <init>() #-# FrmMain Object created
@2007-03-15 11:17:26,608 #-# INFO #-# AWT-EventQueue-0 #-# no.yts.dbtool.DBCon #-# DBCon.java #-# 461 #-# closeEM() #-# Entitymanager is now closed
@2007-03-15 11:20:44,642 #-# INFO #-# AWT-EventQueue-0 #-# no.yts.admintool.FrmMain #-# FrmMain.java #-# 33 #-# <init>() #-# FrmMain Object created
@2007-03-15 11:20:57,250 #-# INFO #-# AWT-EventQueue-0 #-# no.yts.dbtool.DBCon #-# DBCon.java #-# 461 #-# closeEM() #-# Entitymanager is now closed
@2007-03-15 11:39:50,450 #-# INFO #-# AWT-EventQueue-0 #-# no.yts.admintool.FrmMain #-# FrmMain.java #-# 33 #-# <init>() #-# FrmMain Object created
@2007-03-15 11:40:09,287 #-# INFO #-# AWT-EventQueue-0 #-# no.yts.dbtool.DBCon #-# DBCon.java #-# 461 #-# closeEM() #-# Entitymanager is now closed
@2007-03-15 11:42:17,351 #-# INFO #-# AWT-EventQueue-0 #-# no.yts.admintool.FrmMain #-# FrmMain.java #-# 33 #-# <init>() #-# FrmMain Object created
@2007-03-15 11:42:50,409 #-# INFO #-# AWT-EventQueue-0 #-# no.yts.dbtool.DBCon #-# DBCon.java #-# 461 #-# closeEM() #-# Entitymanager is now closed
@2007-03-15 11:43:39,750 #-# INFO #-# AWT-EventQueue-0 #-# no.yts.dbtool.DBCon #-# DBCon.java #-# 461 #-# closeEM() #-# Entitymanager is now closed
@2007-03-15 11:44:07,499 #-# INFO #-# AWT-EventQueue-0 #-# no.yts.dbtool.DBCon #-# DBCon.java #-# 461 #-# closeEM() #-# Entitymanager is now closed
@2007-03-15 11:46:00,432 #-# INFO #-# AWT-EventQueue-0 #-# no.yts.dbtool.DBCon #-# DBCon.java #-# 461 #-# closeEM() #-# Entitymanager is now closed
@2007-03-15 11:46:20,991 #-# INFO #-# AWT-EventQueue-0 #-# no.yts.dbtool.DBCon #-# DBCon.java #-# 461 #-# closeEM() #-# Entitymanager is now closed
@2007-03-15 12:09:22,348 #-# INFO #-# AWT-EventQueue-0 #-# no.yts.admintool.FrmMain #-# FrmMain.java #-# 33 #-# <init>() #-# FrmMain Object created
@2007-03-15 12:09:44,740 #-# INFO #-# AWT-EventQueue-0 #-# no.yts.dbtool.DBCon #-# DBCon.java #-# 461 #-# closeEM() #-# Entitymanager is now closed
@2007-03-15 12:33:28,157 #-# INFO #-# AWT-EventQueue-0 #-# no.yts.admintool.FrmMain #-# FrmMain.java #-# 33 #-# <init>() #-# FrmMain Object created
@2007-03-15 12:34:09,356 #-# INFO #-# AWT-EventQueue-0 #-# no.yts.dbtool.DBCon #-# DBCon.java #-# 461 #-# closeEM() #-# Entitymanager is now closed
@2007-03-15 12:34:21,123 #-# INFO #-# AWT-EventQueue-0 #-# no.yts.dbtool.DBCon #-# DBCon.java #-# 461 #-# closeEM() #-# Entitymanager is now closed
@2007-03-15 12:34:35,223 #-# INFO #-# AWT-EventQueue-0 #-# no.yts.dbtool.DBCon #-# DBCon.java #-# 461 #-# closeEM() #-# Entitymanager is now closed
@2007-03-15 12:34:54,901 #-# INFO #-# AWT-EventQueue-0 #-# no.yts.dbtool.DBCon #-# DBCon.java #-# 461 #-# closeEM() #-# Entitymanager is now closed
@2007-03-15 12:35:11,345 #-# INFO #-# AWT-EventQueue-0 #-# no.yts.dbtool.DBCon #-# DBCon.java #-# 461 #-# closeEM() #-# Entitymanager is now closed
@2007-03-15 12:35:24,224 #-# INFO #-# AWT-EventQueue-0 #-# no.yts.dbtool.DBCon #-# DBCon.java #-# 461 #-# closeEM() #-# Entitymanager is now closed
@2007-03-15 12:35:41,949 #-# INFO #-# AWT-EventQueue-0 #-# no.yts.dbtool.DBCon #-# DBCon.java #-# 461 #-# closeEM() #-# Entitymanager is now closed
@2007-03-15 14:50:27,586 #-# INFO #-# AWT-EventQueue-0 #-# no.yts.admintool.FrmMain #-# FrmMain.java #-# 33 #-# <init>() #-# FrmMain Object created
@2007-03-15 14:50:44,270 #-# INFO #-# AWT-EventQueue-0 #-# no.yts.dbtool.DBCon #-# DBCon.java #-# 483 #-# closeEM() #-# Entitymanager is now closed
@2007-03-15 14:51:56,964 #-# INFO #-# AWT-EventQueue-0 #-# no.yts.dbtool.DBCon #-# DBCon.java #-# 483 #-# closeEM() #-# Entitymanager is now closed
@2007-03-15 14:52:30,202 #-# INFO #-# AWT-EventQueue-0 #-# no.yts.dbtool.DBCon #-# DBCon.java #-# 483 #-# closeEM() #-# Entitymanager is now closed
@2007-03-15 14:56:04,610 #-# INFO #-# AWT-EventQueue-0 #-# no.yts.dbtool.DBCon #-# DBCon.java #-# 483 #-# closeEM() #-# Entitymanager is now closed
@2007-03-15 14:56:22,516 #-# INFO #-# AWT-EventQueue-0 #-# no.yts.dbtool.DBCon #-# DBCon.java #-# 483 #-# closeEM() #-# Entitymanager is now closed
@2007-03-15 14:58:03,862 #-# INFO #-# AWT-EventQueue-0 #-# no.yts.dbtool.DBCon #-# DBCon.java #-# 483 #-# closeEM() #-# Entitymanager is now closed
@2007-03-15 15:03:30,041 #-# INFO #-# AWT-EventQueue-0 #-# no.yts.admintool.FrmMain #-# FrmMain.java #-# 33 #-# <init>() #-# FrmMain Object created
@2007-03-15 15:03:40,606 #-# INFO #-# AWT-EventQueue-0 #-# no.yts.dbtool.DBCon #-# DBCon.java #-# 483 #-# closeEM() #-# Entitymanager is now closed
@2007-03-15 15:04:01,316 #-# INFO #-# AWT-EventQueue-0 #-# no.yts.dbtool.DBCon #-# DBCon.java #-# 483 #-# closeEM() #-# Entitymanager is now closed
@2007-03-15 15:04:17,319 #-# INFO #-# AWT-EventQueue-0 #-# no.yts.dbtool.DBCon #-# DBCon.java #-# 483 #-# closeEM() #-# Entitymanager is now closed
@2007-03-15 15:07:30,296 #-# INFO #-# AWT-EventQueue-0 #-# no.yts.admintool.FrmMain #-# FrmMain.java #-# 33 #-# <init>() #-# FrmMain Object created
@2007-03-15 15:07:41,022 #-# INFO #-# AWT-EventQueue-0 #-# no.yts.dbtool.DBCon #-# DBCon.java #-# 483 #-# closeEM() #-# Entitymanager is now closed
@2007-03-15 15:07:54,311 #-# INFO #-# AWT-EventQueue-0 #-# no.yts.dbtool.DBCon #-# DBCon.java #-# 483 #-# closeEM() #-# Entitymanager is now closed
@2007-03-15 15:11:08,600 #-# INFO #-# AWT-EventQueue-0 #-# no.yts.admintool.FrmMain #-# FrmMain.java #-# 33 #-# <init>() #-# FrmMain Object created
@2007-03-15 15:11:19,135 #-# INFO #-# AWT-EventQueue-0 #-# no.yts.dbtool.DBCon #-# DBCon.java #-# 483 #-# closeEM() #-# Entitymanager is now closed
@2007-03-15 15:11:37,502 #-# INFO #-# AWT-EventQueue-0 #-# no.yts.dbtool.DBCon #-# DBCon.java #-# 483 #-# closeEM() #-# Entitymanager is now closed
@2007-03-15 15:13:26,458 #-# INFO #-# AWT-EventQueue-0 #-# no.yts.dbtool.DBCon #-# DBCon.java #-# 483 #-# closeEM() #-# Entitymanager is now closed
@2007-03-15 15:13:32,777 #-# INFO #-# AWT-EventQueue-0 #-# no.yts.dbtool.DBCon #-# DBCon.java #-# 483 #-# closeEM() #-# Entitymanager is now closed
@2007-03-15 15:15:24,929 #-# INFO #-# AWT-EventQueue-0 #-# no.yts.admintool.FrmMain #-# FrmMain.java #-# 33 #-# <init>() #-# FrmMain Object created
@2007-03-15 15:15:34,292 #-# INFO #-# AWT-EventQueue-0 #-# no.yts.dbtool.DBCon #-# DBCon.java #-# 483 #-# closeEM() #-# Entitymanager is now closed
@2007-03-15 15:15:41,903 #-# INFO #-# AWT-EventQueue-0 #-# no.yts.dbtool.DBCon #-# DBCon.java #-# 483 #-# closeEM() #-# Entitymanager is now closed
@2007-03-15 15:27:40,972 #-# INFO #-# AWT-EventQueue-0 #-# no.yts.admintool.FrmMain #-# FrmMain.java #-# 33 #-# <init>() #-# FrmMain Object created
@2007-03-15 15:28:00,771 #-# INFO #-# AWT-EventQueue-0 #-# no.yts.dbtool.DBCon #-# DBCon.java #-# 483 #-# closeEM() #-# Entitymanager is now closed
@2007-03-15 15:29:22,093 #-# INFO #-# AWT-EventQueue-0 #-# no.yts.dbtool.DBCon #-# DBCon.java #-# 483 #-# closeEM() #-# Entitymanager is now closed
@2007-03-15 15:29:34,797 #-# INFO #-# AWT-EventQueue-0 #-# no.yts.dbtool.DBCon #-# DBCon.java #-# 483 #-# closeEM() #-# Entitymanager is now closed
=======
@2007-03-19 14:14:22,393 #-# ERROR #-# main #-# no.yts.dbtool.DBCon #-# DBCon.java #-# 566 #-# closeEMF() #-# closeEMF()
=======
@2007-03-21 15:51:56,177 #-# INFO #-# main #-# no.yts.dbtool.DBCon #-# DBCon.java #-# 600 #-# regSupplier() #-# supplier saved
@2007-03-21 15:51:56,217 #-# INFO #-# main #-# no.yts.dbtool.DBCon #-# DBCon.java #-# 600 #-# regSupplier() #-# supplier saved
@2007-03-21 15:51:56,367 #-# INFO #-# main #-# no.yts.dbtool.DBCon #-# DBCon.java #-# 600 #-# regSupplier() #-# supplier saved
@2007-03-21 15:51:56,488 #-# INFO #-# main #-# no.yts.dbtool.DBCon #-# DBCon.java #-# 600 #-# regSupplier() #-# supplier saved
@2007-03-21 15:51:57,930 #-# INFO #-# main #-# no.yts.dbtool.DBCon #-# DBCon.java #-# 600 #-# regSupplier() #-# supplier saved
@2007-03-21 15:51:58,310 #-# INFO #-# main #-# no.yts.dbtool.DBCon #-# DBCon.java #-# 471 #-# regProduct() #-# product saved
@2007-03-21 15:51:58,350 #-# INFO #-# main #-# no.yts.dbtool.DBCon #-# DBCon.java #-# 471 #-# regProduct() #-# product saved
@2007-03-21 15:51:58,400 #-# INFO #-# main #-# no.yts.dbtool.DBCon #-# DBCon.java #-# 471 #-# regProduct() #-# product saved
@2007-03-21 15:51:58,440 #-# INFO #-# main #-# no.yts.dbtool.DBCon #-# DBCon.java #-# 471 #-# regProduct() #-# product saved
@2007-03-21 15:51:58,470 #-# INFO #-# main #-# no.yts.dbtool.DBCon #-# DBCon.java #-# 471 #-# regProduct() #-# product saved
@2007-03-21 15:51:58,581 #-# INFO #-# main #-# no.yts.dbtool.DBCon #-# DBCon.java #-# 357 #-# regStores() #-# Stores saved
@2007-03-21 15:51:58,711 #-# INFO #-# main #-# no.yts.dbtool.DBCon #-# DBCon.java #-# 384 #-# regStoreLog() #-# Stores saved
@2007-03-21 15:53:54,888 #-# INFO #-# main #-# no.yts.dbtool.DBCon #-# DBCon.java #-# 623 #-# closeEM() #-# Entitymanager is now closed
@2007-03-21 15:53:54,888 #-# ERROR #-# main #-# no.yts.dbtool.DBCon #-# DBCon.java #-# 616 #-# closeEMF() #-# closeEMF()
>>>>>>> .r55
java.lang.NullPointerException
<<<<<<< .mine
	at no.yts.dbtool.DBCon.closeEMF(DBCon.java:563)
	at no.yts.dbtool.DBCon.closeEM(DBCon.java:574)
	at no.yts.dbtool.DBMain.main(DBMain.java:58)
@2007-03-19 14:22:08,043 #-# INFO #-# main #-# no.yts.dbtool.DBCon #-# DBCon.java #-# 573 #-# closeEM() #-# Entitymanager is now closed
@2007-03-19 14:22:08,053 #-# ERROR #-# main #-# no.yts.dbtool.DBCon #-# DBCon.java #-# 566 #-# closeEMF() #-# closeEMF()
java.lang.NullPointerException
	at no.yts.dbtool.DBCon.closeEMF(DBCon.java:563)
	at no.yts.dbtool.DBCon.closeEM(DBCon.java:574)
	at no.yts.dbtool.DBMain.main(DBMain.java:58)
@2007-03-19 14:28:40,307 #-# INFO #-# main #-# no.yts.dbtool.DBCon #-# DBCon.java #-# 573 #-# closeEM() #-# Entitymanager is now closed
@2007-03-19 14:28:40,327 #-# ERROR #-# main #-# no.yts.dbtool.DBCon #-# DBCon.java #-# 566 #-# closeEMF() #-# closeEMF()
java.lang.NullPointerException
	at no.yts.dbtool.DBCon.closeEMF(DBCon.java:563)
	at no.yts.dbtool.DBCon.closeEM(DBCon.java:574)
	at no.yts.dbtool.DBMain.main(DBMain.java:58)
@2007-03-19 15:12:52,951 #-# INFO #-# main #-# no.yts.dbtool.DBCon #-# DBCon.java #-# 573 #-# closeEM() #-# Entitymanager is now closed
@2007-03-19 15:12:52,981 #-# ERROR #-# main #-# no.yts.dbtool.DBCon #-# DBCon.java #-# 566 #-# closeEMF() #-# closeEMF()
java.lang.NullPointerException
	at no.yts.dbtool.DBCon.closeEMF(DBCon.java:563)
	at no.yts.dbtool.DBCon.closeEM(DBCon.java:574)
	at no.yts.dbtool.DBMain.main(DBMain.java:58)
@2007-03-19 15:16:45,295 #-# INFO #-# main #-# no.yts.dbtool.DBCon #-# DBCon.java #-# 573 #-# closeEM() #-# Entitymanager is now closed
@2007-03-19 15:16:45,315 #-# ERROR #-# main #-# no.yts.dbtool.DBCon #-# DBCon.java #-# 566 #-# closeEMF() #-# closeEMF()
java.lang.NullPointerException
	at no.yts.dbtool.DBCon.closeEMF(DBCon.java:563)
	at no.yts.dbtool.DBCon.closeEM(DBCon.java:574)
	at no.yts.dbtool.DBMain.main(DBMain.java:58)
@2007-03-19 15:18:32,169 #-# INFO #-# main #-# no.yts.dbtool.DBCon #-# DBCon.java #-# 573 #-# closeEM() #-# Entitymanager is now closed
@2007-03-19 15:18:32,169 #-# ERROR #-# main #-# no.yts.dbtool.DBCon #-# DBCon.java #-# 566 #-# closeEMF() #-# closeEMF()
java.lang.NullPointerException
	at no.yts.dbtool.DBCon.closeEMF(DBCon.java:563)
	at no.yts.dbtool.DBCon.closeEM(DBCon.java:574)
	at no.yts.dbtool.DBMain.main(DBMain.java:58)
@2007-03-19 15:28:33,614 #-# INFO #-# main #-# no.yts.dbtool.DBCon #-# DBCon.java #-# 573 #-# closeEM() #-# Entitymanager is now closed
@2007-03-19 15:28:33,614 #-# ERROR #-# main #-# no.yts.dbtool.DBCon #-# DBCon.java #-# 566 #-# closeEMF() #-# closeEMF()
java.lang.NullPointerException
	at no.yts.dbtool.DBCon.closeEMF(DBCon.java:563)
	at no.yts.dbtool.DBCon.closeEM(DBCon.java:574)
	at no.yts.dbtool.DBMain.main(DBMain.java:58)
@2007-03-19 15:31:16,278 #-# INFO #-# main #-# no.yts.dbtool.DBCon #-# DBCon.java #-# 573 #-# closeEM() #-# Entitymanager is now closed
@2007-03-19 15:31:16,278 #-# ERROR #-# main #-# no.yts.dbtool.DBCon #-# DBCon.java #-# 566 #-# closeEMF() #-# closeEMF()
java.lang.NullPointerException
	at no.yts.dbtool.DBCon.closeEMF(DBCon.java:563)
	at no.yts.dbtool.DBCon.closeEM(DBCon.java:574)
	at no.yts.dbtool.DBMain.main(DBMain.java:58)
@2007-03-19 15:32:00,421 #-# INFO #-# main #-# no.yts.dbtool.DBCon #-# DBCon.java #-# 573 #-# closeEM() #-# Entitymanager is now closed
@2007-03-19 15:32:00,431 #-# ERROR #-# main #-# no.yts.dbtool.DBCon #-# DBCon.java #-# 566 #-# closeEMF() #-# closeEMF()
java.lang.NullPointerException
	at no.yts.dbtool.DBCon.closeEMF(DBCon.java:563)
	at no.yts.dbtool.DBCon.closeEM(DBCon.java:574)
	at no.yts.dbtool.DBMain.main(DBMain.java:58)
@2007-03-19 15:33:36,620 #-# INFO #-# main #-# no.yts.dbtool.DBCon #-# DBCon.java #-# 573 #-# closeEM() #-# Entitymanager is now closed
@2007-03-19 15:33:36,630 #-# ERROR #-# main #-# no.yts.dbtool.DBCon #-# DBCon.java #-# 566 #-# closeEMF() #-# closeEMF()
java.lang.NullPointerException
	at no.yts.dbtool.DBCon.closeEMF(DBCon.java:563)
	at no.yts.dbtool.DBCon.closeEM(DBCon.java:574)
	at no.yts.dbtool.DBMain.main(DBMain.java:58)
@2007-03-19 15:34:09,186 #-# INFO #-# main #-# no.yts.dbtool.DBCon #-# DBCon.java #-# 573 #-# closeEM() #-# Entitymanager is now closed
@2007-03-19 15:34:09,186 #-# ERROR #-# main #-# no.yts.dbtool.DBCon #-# DBCon.java #-# 566 #-# closeEMF() #-# closeEMF()
java.lang.NullPointerException
	at no.yts.dbtool.DBCon.closeEMF(DBCon.java:563)
	at no.yts.dbtool.DBCon.closeEM(DBCon.java:574)
	at no.yts.dbtool.DBMain.main(DBMain.java:58)
@2007-03-19 15:34:45,519 #-# INFO #-# main #-# no.yts.dbtool.DBCon #-# DBCon.java #-# 573 #-# closeEM() #-# Entitymanager is now closed
@2007-03-19 15:34:45,529 #-# ERROR #-# main #-# no.yts.dbtool.DBCon #-# DBCon.java #-# 566 #-# closeEMF() #-# closeEMF()
java.lang.NullPointerException
	at no.yts.dbtool.DBCon.closeEMF(DBCon.java:563)
	at no.yts.dbtool.DBCon.closeEM(DBCon.java:574)
	at no.yts.dbtool.DBMain.main(DBMain.java:58)
@2007-03-19 15:46:35,139 #-# INFO #-# main #-# no.yts.dbtool.DBCon #-# DBCon.java #-# 573 #-# closeEM() #-# Entitymanager is now closed
@2007-03-19 15:46:35,149 #-# ERROR #-# main #-# no.yts.dbtool.DBCon #-# DBCon.java #-# 566 #-# closeEMF() #-# closeEMF()
java.lang.NullPointerException
	at no.yts.dbtool.DBCon.closeEMF(DBCon.java:563)
	at no.yts.dbtool.DBCon.closeEM(DBCon.java:574)
	at no.yts.dbtool.DBMain.main(DBMain.java:58)
@2007-03-19 15:54:52,474 #-# INFO #-# main #-# no.yts.dbtool.DBCon #-# DBCon.java #-# 573 #-# closeEM() #-# Entitymanager is now closed
@2007-03-19 15:54:52,514 #-# ERROR #-# main #-# no.yts.dbtool.DBCon #-# DBCon.java #-# 566 #-# closeEMF() #-# closeEMF()
java.lang.NullPointerException
	at no.yts.dbtool.DBCon.closeEMF(DBCon.java:563)
	at no.yts.dbtool.DBCon.closeEM(DBCon.java:574)
	at no.yts.dbtool.DBMain.main(DBMain.java:58)
@2007-03-19 15:57:02,791 #-# INFO #-# main #-# no.yts.dbtool.DBCon #-# DBCon.java #-# 573 #-# closeEM() #-# Entitymanager is now closed
@2007-03-19 15:57:02,892 #-# ERROR #-# main #-# no.yts.dbtool.DBCon #-# DBCon.java #-# 566 #-# closeEMF() #-# closeEMF()
java.lang.NullPointerException
	at no.yts.dbtool.DBCon.closeEMF(DBCon.java:563)
	at no.yts.dbtool.DBCon.closeEM(DBCon.java:574)
	at no.yts.dbtool.DBMain.main(DBMain.java:58)
@2007-03-19 16:02:23,973 #-# INFO #-# main #-# no.yts.dbtool.DBCon #-# DBCon.java #-# 573 #-# closeEM() #-# Entitymanager is now closed
@2007-03-19 16:02:23,983 #-# ERROR #-# main #-# no.yts.dbtool.DBCon #-# DBCon.java #-# 566 #-# closeEMF() #-# closeEMF()
java.lang.NullPointerException
	at no.yts.dbtool.DBCon.closeEMF(DBCon.java:563)
	at no.yts.dbtool.DBCon.closeEM(DBCon.java:574)
	at no.yts.dbtool.DBMain.main(DBMain.java:58)
@2007-03-19 16:05:22,240 #-# INFO #-# main #-# no.yts.dbtool.DBCon #-# DBCon.java #-# 573 #-# closeEM() #-# Entitymanager is now closed
@2007-03-19 16:05:22,240 #-# ERROR #-# main #-# no.yts.dbtool.DBCon #-# DBCon.java #-# 566 #-# closeEMF() #-# closeEMF()
java.lang.NullPointerException
	at no.yts.dbtool.DBCon.closeEMF(DBCon.java:563)
	at no.yts.dbtool.DBCon.closeEM(DBCon.java:574)
	at no.yts.dbtool.DBMain.main(DBMain.java:58)
@2007-03-19 16:18:39,005 #-# INFO #-# main #-# no.yts.dbtool.DBCon #-# DBCon.java #-# 579 #-# closeEM() #-# Entitymanager is now closed
@2007-03-19 16:18:39,005 #-# ERROR #-# main #-# no.yts.dbtool.DBCon #-# DBCon.java #-# 572 #-# closeEMF() #-# closeEMF()
java.lang.NullPointerException
	at no.yts.dbtool.DBCon.closeEMF(DBCon.java:569)
	at no.yts.dbtool.DBCon.closeEM(DBCon.java:580)
	at no.yts.dbtool.DBMain.main(DBMain.java:58)
@2007-03-19 16:19:12,634 #-# INFO #-# main #-# no.yts.dbtool.DBCon #-# DBCon.java #-# 579 #-# closeEM() #-# Entitymanager is now closed
@2007-03-19 16:19:12,644 #-# ERROR #-# main #-# no.yts.dbtool.DBCon #-# DBCon.java #-# 572 #-# closeEMF() #-# closeEMF()
java.lang.NullPointerException
	at no.yts.dbtool.DBCon.closeEMF(DBCon.java:569)
	at no.yts.dbtool.DBCon.closeEM(DBCon.java:580)
	at no.yts.dbtool.DBMain.main(DBMain.java:58)
@2007-03-19 18:03:44,291 #-# INFO #-# main #-# no.yts.dbtool.DBCon #-# DBCon.java #-# 580 #-# closeEM() #-# Entitymanager is now closed
@2007-03-19 18:03:44,291 #-# ERROR #-# main #-# no.yts.dbtool.DBCon #-# DBCon.java #-# 573 #-# closeEMF() #-# closeEMF()
java.lang.NullPointerException
	at no.yts.dbtool.DBCon.closeEMF(DBCon.java:570)
	at no.yts.dbtool.DBCon.closeEM(DBCon.java:581)
	at no.yts.dbtool.DBMain.main(DBMain.java:58)
@2007-03-19 18:04:42,620 #-# INFO #-# main #-# no.yts.dbtool.DBCon #-# DBCon.java #-# 580 #-# closeEM() #-# Entitymanager is now closed
@2007-03-19 18:04:42,620 #-# ERROR #-# main #-# no.yts.dbtool.DBCon #-# DBCon.java #-# 573 #-# closeEMF() #-# closeEMF()
java.lang.NullPointerException
	at no.yts.dbtool.DBCon.closeEMF(DBCon.java:570)
	at no.yts.dbtool.DBCon.closeEM(DBCon.java:581)
	at no.yts.dbtool.DBMain.main(DBMain.java:58)
@2007-03-19 18:05:33,507 #-# INFO #-# main #-# no.yts.dbtool.DBCon #-# DBCon.java #-# 580 #-# closeEM() #-# Entitymanager is now closed
@2007-03-19 18:05:33,507 #-# ERROR #-# main #-# no.yts.dbtool.DBCon #-# DBCon.java #-# 573 #-# closeEMF() #-# closeEMF()
java.lang.NullPointerException
	at no.yts.dbtool.DBCon.closeEMF(DBCon.java:570)
	at no.yts.dbtool.DBCon.closeEM(DBCon.java:581)
	at no.yts.dbtool.DBMain.main(DBMain.java:58)
@2007-03-19 18:05:59,512 #-# INFO #-# main #-# no.yts.dbtool.DBCon #-# DBCon.java #-# 580 #-# closeEM() #-# Entitymanager is now closed
@2007-03-19 18:05:59,512 #-# ERROR #-# main #-# no.yts.dbtool.DBCon #-# DBCon.java #-# 573 #-# closeEMF() #-# closeEMF()
java.lang.NullPointerException
	at no.yts.dbtool.DBCon.closeEMF(DBCon.java:570)
	at no.yts.dbtool.DBCon.closeEM(DBCon.java:581)
	at no.yts.dbtool.DBMain.main(DBMain.java:58)
@2007-03-19 18:06:29,698 #-# INFO #-# main #-# no.yts.dbtool.DBCon #-# DBCon.java #-# 580 #-# closeEM() #-# Entitymanager is now closed
@2007-03-19 18:06:29,698 #-# ERROR #-# main #-# no.yts.dbtool.DBCon #-# DBCon.java #-# 573 #-# closeEMF() #-# closeEMF()
java.lang.NullPointerException
	at no.yts.dbtool.DBCon.closeEMF(DBCon.java:570)
	at no.yts.dbtool.DBCon.closeEM(DBCon.java:581)
	at no.yts.dbtool.DBMain.main(DBMain.java:58)
@2007-03-20 11:55:28,734 #-# INFO #-# AWT-EventQueue-0 #-# no.yts.admintool.FrmMain #-# FrmMain.java #-# 34 #-# <init>() #-# FrmMain Object created
@2007-03-20 12:15:02,395 #-# INFO #-# AWT-EventQueue-0 #-# no.yts.admintool.FrmMain #-# FrmMain.java #-# 34 #-# <init>() #-# FrmMain Object created
@2007-03-20 12:16:57,210 #-# INFO #-# AWT-EventQueue-0 #-# no.yts.admintool.FrmMain #-# FrmMain.java #-# 34 #-# <init>() #-# FrmMain Object created
@2007-03-20 12:19:49,528 #-# INFO #-# AWT-EventQueue-0 #-# no.yts.admintool.FrmMain #-# FrmMain.java #-# 34 #-# <init>() #-# FrmMain Object created
@2007-03-20 12:40:45,013 #-# INFO #-# AWT-EventQueue-0 #-# no.yts.admintool.FrmMain #-# FrmMain.java #-# 34 #-# <init>() #-# FrmMain Object created
@2007-03-20 12:46:09,640 #-# INFO #-# AWT-EventQueue-0 #-# no.yts.admintool.FrmMain #-# FrmMain.java #-# 34 #-# <init>() #-# FrmMain Object created
@2007-03-20 13:00:03,860 #-# INFO #-# AWT-EventQueue-0 #-# no.yts.admintool.FrmMain #-# FrmMain.java #-# 34 #-# <init>() #-# FrmMain Object created
@2007-03-20 13:21:42,928 #-# INFO #-# AWT-EventQueue-0 #-# no.yts.admintool.FrmMain #-# FrmMain.java #-# 34 #-# <init>() #-# FrmMain Object created
@2007-03-20 13:32:03,800 #-# INFO #-# AWT-EventQueue-0 #-# no.yts.admintool.FrmMain #-# FrmMain.java #-# 34 #-# <init>() #-# FrmMain Object created
@2007-03-20 13:36:11,977 #-# INFO #-# AWT-EventQueue-0 #-# no.yts.admintool.FrmMain #-# FrmMain.java #-# 34 #-# <init>() #-# FrmMain Object created
@2007-03-20 14:39:09,930 #-# INFO #-# AWT-EventQueue-0 #-# no.yts.admintool.FrmMain #-# FrmMain.java #-# 34 #-# <init>() #-# FrmMain Object created
>>>>>>> .r52
=======
	at no.yts.dbtool.DBCon.closeEMF(DBCon.java:613)
	at no.yts.dbtool.DBCon.closeEM(DBCon.java:624)
	at no.yts.dbtool.DBMain.main(DBMain.java:60)
@2007-03-21 16:00:34,112 #-# INFO #-# AWT-EventQueue-0 #-# no.yts.admintool.FrmMain #-# FrmMain.java #-# 34 #-# <init>() #-# FrmMain Object created
@2007-03-21 16:02:22,207 #-# ERROR #-# AWT-EventQueue-0 #-# no.yts.dbtool.DBCon #-# DBCon.java #-# 274 #-# getProductGroup() #-# getProductGroup(String name)
javax.persistence.NonUniqueResultException: More than one result was returned from Query.getSingleResult()
	at oracle.toplink.essentials.internal.ejb.cmp3.EJBQueryImpl.throwNonUniqueResultException(EJBQueryImpl.java:227)
	at oracle.toplink.essentials.internal.ejb.cmp3.base.EJBQueryImpl.getSingleResult(EJBQueryImpl.java:477)
	at no.yts.dbtool.DBCon.getProductGroup(DBCon.java:272)
	at no.yts.admintool.FrmMainHelper.newProductReg(FrmMainHelper.java:310)
	at no.yts.admintool.FrmMain.jButton13ActionPerformed(FrmMain.java:2105)
	at no.yts.admintool.FrmMain.access$1300(FrmMain.java:24)
	at no.yts.admintool.FrmMain$14.actionPerformed(FrmMain.java:1194)
	at javax.swing.AbstractButton.fireActionPerformed(AbstractButton.java:1995)
	at javax.swing.AbstractButton$Handler.actionPerformed(AbstractButton.java:2318)
	at javax.swing.DefaultButtonModel.fireActionPerformed(DefaultButtonModel.java:387)
	at javax.swing.DefaultButtonModel.setPressed(DefaultButtonModel.java:242)
	at javax.swing.plaf.basic.BasicButtonListener.mouseReleased(BasicButtonListener.java:236)
	at java.awt.Component.processMouseEvent(Component.java:6038)
	at javax.swing.JComponent.processMouseEvent(JComponent.java:3260)
	at java.awt.Component.processEvent(Component.java:5803)
	at java.awt.Container.processEvent(Container.java:2058)
	at java.awt.Component.dispatchEventImpl(Component.java:4410)
	at java.awt.Container.dispatchEventImpl(Container.java:2116)
	at java.awt.Component.dispatchEvent(Component.java:4240)
	at java.awt.LightweightDispatcher.retargetMouseEvent(Container.java:4322)
	at java.awt.LightweightDispatcher.processMouseEvent(Container.java:3986)
	at java.awt.LightweightDispatcher.dispatchEvent(Container.java:3916)
	at java.awt.Container.dispatchEventImpl(Container.java:2102)
	at java.awt.Window.dispatchEventImpl(Window.java:2429)
	at java.awt.Component.dispatchEvent(Component.java:4240)
	at java.awt.EventQueue.dispatchEvent(EventQueue.java:599)
	at java.awt.EventDispatchThread.pumpOneEventForFilters(EventDispatchThread.java:273)
	at java.awt.EventDispatchThread.pumpEventsForFilter(EventDispatchThread.java:183)
	at java.awt.EventDispatchThread.pumpEventsForHierarchy(EventDispatchThread.java:173)
	at java.awt.EventDispatchThread.pumpEvents(EventDispatchThread.java:168)
	at java.awt.EventDispatchThread.pumpEvents(EventDispatchThread.java:160)
	at java.awt.EventDispatchThread.run(EventDispatchThread.java:121)
@2007-03-21 16:02:23,149 #-# ERROR #-# AWT-EventQueue-0 #-# no.yts.dbtool.DBCon #-# DBCon.java #-# 474 #-# regProduct() #-# regProduct()
javax.persistence.RollbackException: Exception [TOPLINK-4002] (Oracle TopLink Essentials - 2006.8 (Build 060830)): oracle.toplink.essentials.exceptions.DatabaseException
Internal Exception: java.sql.SQLException: ORA-01400: kan ikke sette inn NULL i ("YTS2"."PRODUCT"."PGROUPID")
Error Code: 1400
Call:INSERT INTO PRODUCT (prodId, description, price, brand, image, orderLimit, activ, pModel, unit, supProdID, pType, pGroupId, STORES_locationId, supplyId) VALUES (?, ?, ?, ?, ?, ?, ?, ?, ?, ?, ?, ?, ?, ?)
	bind => [4601, Ja it is, 1200.0, AMD, http://www.asdata.no/images/, 5, active, A64x2, stk, 5434, 4400+, null, null, 4]
Query:InsertObjectQuery(DBTool.Product[id=4601])
	at oracle.toplink.essentials.internal.ejb.cmp3.transaction.base.EntityTransactionImpl.commit(EntityTransactionImpl.java:109)
	at oracle.toplink.essentials.internal.ejb.cmp3.transaction.EntityTransactionImpl.commit(EntityTransactionImpl.java:45)
	at no.yts.dbtool.DBCon.regProduct(DBCon.java:470)
	at no.yts.admintool.FrmMainHelper.newProductReg(FrmMainHelper.java:314)
	at no.yts.admintool.FrmMain.jButton13ActionPerformed(FrmMain.java:2105)
	at no.yts.admintool.FrmMain.access$1300(FrmMain.java:24)
	at no.yts.admintool.FrmMain$14.actionPerformed(FrmMain.java:1194)
	at javax.swing.AbstractButton.fireActionPerformed(AbstractButton.java:1995)
	at javax.swing.AbstractButton$Handler.actionPerformed(AbstractButton.java:2318)
	at javax.swing.DefaultButtonModel.fireActionPerformed(DefaultButtonModel.java:387)
	at javax.swing.DefaultButtonModel.setPressed(DefaultButtonModel.java:242)
	at javax.swing.plaf.basic.BasicButtonListener.mouseReleased(BasicButtonListener.java:236)
	at java.awt.Component.processMouseEvent(Component.java:6038)
	at javax.swing.JComponent.processMouseEvent(JComponent.java:3260)
	at java.awt.Component.processEvent(Component.java:5803)
	at java.awt.Container.processEvent(Container.java:2058)
	at java.awt.Component.dispatchEventImpl(Component.java:4410)
	at java.awt.Container.dispatchEventImpl(Container.java:2116)
	at java.awt.Component.dispatchEvent(Component.java:4240)
	at java.awt.LightweightDispatcher.retargetMouseEvent(Container.java:4322)
	at java.awt.LightweightDispatcher.processMouseEvent(Container.java:3986)
	at java.awt.LightweightDispatcher.dispatchEvent(Container.java:3916)
	at java.awt.Container.dispatchEventImpl(Container.java:2102)
	at java.awt.Window.dispatchEventImpl(Window.java:2429)
	at java.awt.Component.dispatchEvent(Component.java:4240)
	at java.awt.EventQueue.dispatchEvent(EventQueue.java:599)
	at java.awt.EventDispatchThread.pumpOneEventForFilters(EventDispatchThread.java:273)
	at java.awt.EventDispatchThread.pumpEventsForFilter(EventDispatchThread.java:183)
	at java.awt.EventDispatchThread.pumpEventsForHierarchy(EventDispatchThread.java:173)
	at java.awt.EventDispatchThread.pumpEvents(EventDispatchThread.java:168)
	at java.awt.EventDispatchThread.pumpEvents(EventDispatchThread.java:160)
	at java.awt.EventDispatchThread.run(EventDispatchThread.java:121)
Caused by: Exception [TOPLINK-4002] (Oracle TopLink Essentials - 2006.8 (Build 060830)): oracle.toplink.essentials.exceptions.DatabaseException
Internal Exception: java.sql.SQLException: ORA-01400: kan ikke sette inn NULL i ("YTS2"."PRODUCT"."PGROUPID")
Error Code: 1400
Call:INSERT INTO PRODUCT (prodId, description, price, brand, image, orderLimit, activ, pModel, unit, supProdID, pType, pGroupId, STORES_locationId, supplyId) VALUES (?, ?, ?, ?, ?, ?, ?, ?, ?, ?, ?, ?, ?, ?)
	bind => [4601, Ja it is, 1200.0, AMD, http://www.asdata.no/images/, 5, active, A64x2, stk, 5434, 4400+, null, null, 4]
Query:InsertObjectQuery(DBTool.Product[id=4601])
	at oracle.toplink.essentials.exceptions.DatabaseException.sqlException(DatabaseException.java:295)
	at oracle.toplink.essentials.internal.databaseaccess.DatabaseAccessor.executeDirectNoSelect(DatabaseAccessor.java:639)
	at oracle.toplink.essentials.internal.databaseaccess.DatabaseAccessor.executeNoSelect(DatabaseAccessor.java:688)
	at oracle.toplink.essentials.internal.databaseaccess.DatabaseAccessor.basicExecuteCall(DatabaseAccessor.java:477)
	at oracle.toplink.essentials.internal.databaseaccess.DatabaseAccessor.executeCall(DatabaseAccessor.java:437)
	at oracle.toplink.essentials.internal.sessions.AbstractSession.executeCall(AbstractSession.java:675)
	at oracle.toplink.essentials.internal.queryframework.DatasourceCallQueryMechanism.executeCall(DatasourceCallQueryMechanism.java:213)
	at oracle.toplink.essentials.internal.queryframework.DatasourceCallQueryMechanism.executeCall(DatasourceCallQueryMechanism.java:199)
	at oracle.toplink.essentials.internal.queryframework.DatasourceCallQueryMechanism.insertObject(DatasourceCallQueryMechanism.java:331)
	at oracle.toplink.essentials.internal.queryframework.StatementQueryMechanism.insertObject(StatementQueryMechanism.java:176)
	at oracle.toplink.essentials.internal.queryframework.StatementQueryMechanism.insertObject(StatementQueryMechanism.java:190)
	at oracle.toplink.essentials.internal.queryframework.DatabaseQueryMechanism.insertObjectForWrite(DatabaseQueryMechanism.java:457)
	at oracle.toplink.essentials.queryframework.InsertObjectQuery.executeCommit(InsertObjectQuery.java:74)
	at oracle.toplink.essentials.internal.queryframework.DatabaseQueryMechanism.performUserDefinedWrite(DatabaseQueryMechanism.java:635)
	at oracle.toplink.essentials.internal.queryframework.DatabaseQueryMechanism.performUserDefinedInsert(DatabaseQueryMechanism.java:599)
	at oracle.toplink.essentials.internal.queryframework.DatabaseQueryMechanism.insertObjectForWriteWithChangeSet(DatabaseQueryMechanism.java:495)
	at oracle.toplink.essentials.queryframework.WriteObjectQuery.executeCommitWithChangeSet(WriteObjectQuery.java:130)
	at oracle.toplink.essentials.internal.queryframework.DatabaseQueryMechanism.executeWriteWithChangeSet(DatabaseQueryMechanism.java:283)
	at oracle.toplink.essentials.queryframework.WriteObjectQuery.executeDatabaseQuery(WriteObjectQuery.java:67)
	at oracle.toplink.essentials.queryframework.DatabaseQuery.execute(DatabaseQuery.java:609)
	at oracle.toplink.essentials.queryframework.DatabaseQuery.executeInUnitOfWork(DatabaseQuery.java:536)
	at oracle.toplink.essentials.queryframework.ObjectLevelModifyQuery.executeInUnitOfWorkObjectLevelModifyQuery(ObjectLevelModifyQuery.java:123)
	at oracle.toplink.essentials.queryframework.ObjectLevelModifyQuery.executeInUnitOfWork(ObjectLevelModifyQuery.java:95)
	at oracle.toplink.essentials.internal.sessions.UnitOfWorkImpl.internalExecuteQuery(UnitOfWorkImpl.java:2218)
	at oracle.toplink.essentials.internal.sessions.AbstractSession.executeQuery(AbstractSession.java:937)
	at oracle.toplink.essentials.internal.sessions.AbstractSession.executeQuery(AbstractSession.java:894)
	at oracle.toplink.essentials.internal.sessions.CommitManager.commitNewObjectsForClassWithChangeSet(CommitManager.java:254)
	at oracle.toplink.essentials.internal.sessions.CommitManager.commitAllObjectsWithChangeSet(CommitManager.java:175)
	at oracle.toplink.essentials.internal.sessions.AbstractSession.writeAllObjectsWithChangeSet(AbstractSession.java:2638)
	at oracle.toplink.essentials.internal.sessions.UnitOfWorkImpl.commitToDatabase(UnitOfWorkImpl.java:1030)
	at oracle.toplink.essentials.internal.ejb.cmp3.base.RepeatableWriteUnitOfWork.commitToDatabase(RepeatableWriteUnitOfWork.java:357)
	at oracle.toplink.essentials.internal.sessions.UnitOfWorkImpl.commitToDatabaseWithChangeSet(UnitOfWorkImpl.java:1112)
	at oracle.toplink.essentials.internal.ejb.cmp3.base.RepeatableWriteUnitOfWork.commitRootUnitOfWork(RepeatableWriteUnitOfWork.java:82)
	at oracle.toplink.essentials.internal.sessions.UnitOfWorkImpl.commitAndResume(UnitOfWorkImpl.java:842)
	at oracle.toplink.essentials.internal.ejb.cmp3.transaction.base.EntityTransactionImpl.commit(EntityTransactionImpl.java:90)
	... 31 more
Caused by: java.sql.SQLException: ORA-01400: kan ikke sette inn NULL i ("YTS2"."PRODUCT"."PGROUPID")

	at oracle.jdbc.dbaccess.DBError.throwSqlException(DBError.java:134)
	at oracle.jdbc.ttc7.TTIoer.processError(TTIoer.java:289)
	at oracle.jdbc.ttc7.Oall7.receive(Oall7.java:573)
	at oracle.jdbc.ttc7.TTC7Protocol.doOall7(TTC7Protocol.java:1891)
	at oracle.jdbc.ttc7.TTC7Protocol.parseExecuteFetch(TTC7Protocol.java:1093)
	at oracle.jdbc.driver.OracleStatement.executeNonQuery(OracleStatement.java:2047)
	at oracle.jdbc.driver.OracleStatement.doExecuteOther(OracleStatement.java:1940)
	at oracle.jdbc.driver.OracleStatement.doExecuteWithTimeout(OracleStatement.java:2709)
	at oracle.jdbc.driver.OraclePreparedStatement.executeUpdate(OraclePreparedStatement.java:589)
	at oracle.toplink.essentials.internal.databaseaccess.DatabaseAccessor.executeDirectNoSelect(DatabaseAccessor.java:632)
	... 64 more
@2007-03-21 16:02:23,149 #-# INFO #-# AWT-EventQueue-0 #-# no.yts.dbtool.DBCon #-# DBCon.java #-# 623 #-# closeEM() #-# Entitymanager is now closed
@2007-03-21 16:02:23,159 #-# INFO #-# AWT-EventQueue-0 #-# no.yts.dbtool.DBCon #-# DBCon.java #-# 614 #-# closeEMF() #-# EntitymanagerFactory is now closed
@2007-03-21 16:14:03,336 #-# INFO #-# AWT-EventQueue-0 #-# no.yts.admintool.FrmMain #-# FrmMain.java #-# 34 #-# <init>() #-# FrmMain Object created
@2007-03-21 16:15:22,519 #-# ERROR #-# AWT-EventQueue-0 #-# no.yts.admintool.FrmMainHelper #-# FrmMainHelper.java #-# 338 #-# newProductReg() #-# Error in newProductReg()
java.lang.ClassCastException: no.yts.dbtool.entity.ProductGroup cannot be cast to java.lang.String
	at no.yts.admintool.FrmMainHelper.newProductReg(FrmMainHelper.java:309)
	at no.yts.admintool.FrmMain.jButton13ActionPerformed(FrmMain.java:2105)
	at no.yts.admintool.FrmMain.access$1300(FrmMain.java:24)
	at no.yts.admintool.FrmMain$14.actionPerformed(FrmMain.java:1194)
	at javax.swing.AbstractButton.fireActionPerformed(AbstractButton.java:1995)
	at javax.swing.AbstractButton$Handler.actionPerformed(AbstractButton.java:2318)
	at javax.swing.DefaultButtonModel.fireActionPerformed(DefaultButtonModel.java:387)
	at javax.swing.DefaultButtonModel.setPressed(DefaultButtonModel.java:242)
	at javax.swing.plaf.basic.BasicButtonListener.mouseReleased(BasicButtonListener.java:236)
	at java.awt.Component.processMouseEvent(Component.java:6038)
	at javax.swing.JComponent.processMouseEvent(JComponent.java:3260)
	at java.awt.Component.processEvent(Component.java:5803)
	at java.awt.Container.processEvent(Container.java:2058)
	at java.awt.Component.dispatchEventImpl(Component.java:4410)
	at java.awt.Container.dispatchEventImpl(Container.java:2116)
	at java.awt.Component.dispatchEvent(Component.java:4240)
	at java.awt.LightweightDispatcher.retargetMouseEvent(Container.java:4322)
	at java.awt.LightweightDispatcher.processMouseEvent(Container.java:3986)
	at java.awt.LightweightDispatcher.dispatchEvent(Container.java:3916)
	at java.awt.Container.dispatchEventImpl(Container.java:2102)
	at java.awt.Window.dispatchEventImpl(Window.java:2429)
	at java.awt.Component.dispatchEvent(Component.java:4240)
	at java.awt.EventQueue.dispatchEvent(EventQueue.java:599)
	at java.awt.EventDispatchThread.pumpOneEventForFilters(EventDispatchThread.java:273)
	at java.awt.EventDispatchThread.pumpEventsForFilter(EventDispatchThread.java:183)
	at java.awt.EventDispatchThread.pumpEventsForHierarchy(EventDispatchThread.java:173)
	at java.awt.EventDispatchThread.pumpEvents(EventDispatchThread.java:168)
	at java.awt.EventDispatchThread.pumpEvents(EventDispatchThread.java:160)
	at java.awt.EventDispatchThread.run(EventDispatchThread.java:121)
@2007-03-21 16:15:22,529 #-# INFO #-# AWT-EventQueue-0 #-# no.yts.dbtool.DBCon #-# DBCon.java #-# 623 #-# closeEM() #-# Entitymanager is now closed
@2007-03-21 16:15:22,529 #-# INFO #-# AWT-EventQueue-0 #-# no.yts.dbtool.DBCon #-# DBCon.java #-# 614 #-# closeEMF() #-# EntitymanagerFactory is now closed
@2007-03-21 16:19:28,633 #-# INFO #-# AWT-EventQueue-0 #-# no.yts.admintool.FrmMain #-# FrmMain.java #-# 34 #-# <init>() #-# FrmMain Object created
@2007-03-21 16:20:39,796 #-# INFO #-# AWT-EventQueue-0 #-# no.yts.dbtool.DBCon #-# DBCon.java #-# 471 #-# regProduct() #-# product saved
@2007-03-21 16:20:39,846 #-# INFO #-# AWT-EventQueue-0 #-# no.yts.dbtool.DBCon #-# DBCon.java #-# 623 #-# closeEM() #-# Entitymanager is now closed
@2007-03-21 16:20:39,846 #-# INFO #-# AWT-EventQueue-0 #-# no.yts.dbtool.DBCon #-# DBCon.java #-# 614 #-# closeEMF() #-# EntitymanagerFactory is now closed
@2007-03-21 16:32:36,596 #-# INFO #-# AWT-EventQueue-0 #-# no.yts.dbtool.DBCon #-# DBCon.java #-# 471 #-# regProduct() #-# product saved
@2007-03-21 16:32:37,237 #-# INFO #-# AWT-EventQueue-0 #-# no.yts.dbtool.DBCon #-# DBCon.java #-# 623 #-# closeEM() #-# Entitymanager is now closed
@2007-03-21 16:32:37,237 #-# INFO #-# AWT-EventQueue-0 #-# no.yts.dbtool.DBCon #-# DBCon.java #-# 614 #-# closeEMF() #-# EntitymanagerFactory is now closed
@2007-03-21 16:44:16,663 #-# INFO #-# AWT-EventQueue-0 #-# no.yts.admintool.FrmMain #-# FrmMain.java #-# 34 #-# <init>() #-# FrmMain Object created
@2007-03-21 16:45:49,226 #-# INFO #-# AWT-EventQueue-0 #-# no.yts.dbtool.DBCon #-# DBCon.java #-# 471 #-# regProduct() #-# product saved
@2007-03-21 16:45:49,276 #-# INFO #-# AWT-EventQueue-0 #-# no.yts.dbtool.DBCon #-# DBCon.java #-# 623 #-# closeEM() #-# Entitymanager is now closed
@2007-03-21 16:45:49,276 #-# INFO #-# AWT-EventQueue-0 #-# no.yts.dbtool.DBCon #-# DBCon.java #-# 614 #-# closeEMF() #-# EntitymanagerFactory is now closed
<<<<<<< .mine
>>>>>>> .r55
@2007-03-21 17:57:37,718 #-# WARN #-# main #-# no.yts.utilities.TValidator #-# TValidator.java #-# 67 #-# checkStr() #-# Invalid character detected:'
@2007-03-21 17:58:11,281 #-# WARN #-# main #-# no.yts.utilities.TValidator #-# TValidator.java #-# 67 #-# checkStr() #-# Invalid character detected:'
@2007-03-21 17:59:46,328 #-# WARN #-# main #-# no.yts.utilities.TValidator #-# TValidator.java #-# 67 #-# checkStr() #-# Invalid character detected:-
@2007-03-21 18:00:09,125 #-# WARN #-# main #-# no.yts.utilities.TValidator #-# TValidator.java #-# 67 #-# checkStr() #-# Invalid character detected:.
@2007-03-21 18:00:33,562 #-# WARN #-# main #-# no.yts.utilities.TValidator #-# TValidator.java #-# 67 #-# checkStr() #-# Invalid character detected:1
@2007-03-21 18:04:15,796 #-# WARN #-# main #-# no.yts.utilities.TValidator #-# TValidator.java #-# 67 #-# checkStr() #-# Invalid character detected:.
=======
@2007-03-22 10:28:41,760 #-# INFO #-# AWT-EventQueue-0 #-# no.yts.admintool.FrmMain #-# FrmMain.java #-# 34 #-# <init>() #-# FrmMain Object created
@2007-03-22 10:30:30,857 #-# INFO #-# AWT-EventQueue-0 #-# no.yts.dbtool.DBCon #-# DBCon.java #-# 471 #-# regProduct() #-# product saved
@2007-03-22 10:30:30,897 #-# INFO #-# AWT-EventQueue-0 #-# no.yts.dbtool.DBCon #-# DBCon.java #-# 623 #-# closeEM() #-# Entitymanager is now closed
@2007-03-22 10:30:30,907 #-# INFO #-# AWT-EventQueue-0 #-# no.yts.dbtool.DBCon #-# DBCon.java #-# 614 #-# closeEMF() #-# EntitymanagerFactory is now closed
@2007-03-22 15:32:47,557 #-# INFO #-# main #-# no.yts.dbtool.DBCon #-# DBCon.java #-# 196 #-# regProductCategory() #-# ProductCategory saved
@2007-03-22 15:32:47,697 #-# INFO #-# main #-# no.yts.dbtool.DBCon #-# DBCon.java #-# 196 #-# regProductCategory() #-# ProductCategory saved
@2007-03-22 15:32:47,727 #-# INFO #-# main #-# no.yts.dbtool.DBCon #-# DBCon.java #-# 196 #-# regProductCategory() #-# ProductCategory saved
@2007-03-22 15:32:47,757 #-# INFO #-# main #-# no.yts.dbtool.DBCon #-# DBCon.java #-# 196 #-# regProductCategory() #-# ProductCategory saved
@2007-03-22 15:32:47,787 #-# INFO #-# main #-# no.yts.dbtool.DBCon #-# DBCon.java #-# 196 #-# regProductCategory() #-# ProductCategory saved
@2007-03-22 15:32:48,117 #-# INFO #-# main #-# no.yts.dbtool.DBCon #-# DBCon.java #-# 229 #-# regProductGroup() #-# ProductGroup saved
@2007-03-22 15:32:48,197 #-# INFO #-# main #-# no.yts.dbtool.DBCon #-# DBCon.java #-# 229 #-# regProductGroup() #-# ProductGroup saved
@2007-03-22 15:32:48,248 #-# INFO #-# main #-# no.yts.dbtool.DBCon #-# DBCon.java #-# 229 #-# regProductGroup() #-# ProductGroup saved
@2007-03-22 15:32:48,278 #-# INFO #-# main #-# no.yts.dbtool.DBCon #-# DBCon.java #-# 229 #-# regProductGroup() #-# ProductGroup saved
@2007-03-22 15:32:48,308 #-# INFO #-# main #-# no.yts.dbtool.DBCon #-# DBCon.java #-# 229 #-# regProductGroup() #-# ProductGroup saved
@2007-03-22 15:32:48,338 #-# INFO #-# main #-# no.yts.dbtool.DBCon #-# DBCon.java #-# 229 #-# regProductGroup() #-# ProductGroup saved
@2007-03-22 15:32:48,388 #-# INFO #-# main #-# no.yts.dbtool.DBCon #-# DBCon.java #-# 229 #-# regProductGroup() #-# ProductGroup saved
@2007-03-22 15:32:48,428 #-# INFO #-# main #-# no.yts.dbtool.DBCon #-# DBCon.java #-# 229 #-# regProductGroup() #-# ProductGroup saved
@2007-03-22 15:32:48,468 #-# INFO #-# main #-# no.yts.dbtool.DBCon #-# DBCon.java #-# 229 #-# regProductGroup() #-# ProductGroup saved
@2007-03-22 15:32:48,488 #-# INFO #-# main #-# no.yts.dbtool.DBCon #-# DBCon.java #-# 229 #-# regProductGroup() #-# ProductGroup saved
@2007-03-22 15:32:48,528 #-# INFO #-# main #-# no.yts.dbtool.DBCon #-# DBCon.java #-# 229 #-# regProductGroup() #-# ProductGroup saved
@2007-03-22 15:32:48,558 #-# INFO #-# main #-# no.yts.dbtool.DBCon #-# DBCon.java #-# 229 #-# regProductGroup() #-# ProductGroup saved
@2007-03-22 15:32:48,598 #-# INFO #-# main #-# no.yts.dbtool.DBCon #-# DBCon.java #-# 229 #-# regProductGroup() #-# ProductGroup saved
@2007-03-22 15:32:48,618 #-# INFO #-# main #-# no.yts.dbtool.DBCon #-# DBCon.java #-# 229 #-# regProductGroup() #-# ProductGroup saved
@2007-03-22 15:32:48,658 #-# INFO #-# main #-# no.yts.dbtool.DBCon #-# DBCon.java #-# 229 #-# regProductGroup() #-# ProductGroup saved
@2007-03-22 15:32:48,688 #-# INFO #-# main #-# no.yts.dbtool.DBCon #-# DBCon.java #-# 229 #-# regProductGroup() #-# ProductGroup saved
@2007-03-22 15:32:48,728 #-# INFO #-# main #-# no.yts.dbtool.DBCon #-# DBCon.java #-# 229 #-# regProductGroup() #-# ProductGroup saved
@2007-03-22 15:32:48,768 #-# INFO #-# main #-# no.yts.dbtool.DBCon #-# DBCon.java #-# 229 #-# regProductGroup() #-# ProductGroup saved
@2007-03-22 15:32:48,798 #-# INFO #-# main #-# no.yts.dbtool.DBCon #-# DBCon.java #-# 229 #-# regProductGroup() #-# ProductGroup saved
@2007-03-22 15:32:48,828 #-# INFO #-# main #-# no.yts.dbtool.DBCon #-# DBCon.java #-# 229 #-# regProductGroup() #-# ProductGroup saved
@2007-03-22 15:32:48,858 #-# INFO #-# main #-# no.yts.dbtool.DBCon #-# DBCon.java #-# 229 #-# regProductGroup() #-# ProductGroup saved
@2007-03-22 15:32:49,009 #-# INFO #-# main #-# no.yts.dbtool.DBCon #-# DBCon.java #-# 309 #-# regOrderHead() #-# OrderHead saved
@2007-03-22 15:32:49,039 #-# ERROR #-# main #-# no.yts.dbtool.DBCon #-# DBCon.java #-# 322 #-# getOrderHead() #-# getOrderHead(Long id)
javax.persistence.NoResultException: getSingleResult() did not retrieve any entities.
	at oracle.toplink.essentials.internal.ejb.cmp3.EJBQueryImpl.throwNoResultException(EJBQueryImpl.java:223)
	at oracle.toplink.essentials.internal.ejb.cmp3.base.EJBQueryImpl.getSingleResult(EJBQueryImpl.java:475)
	at no.yts.dbtool.DBCon.getOrderHead(DBCon.java:320)
	at no.yts.dbtool.DBMain.main(DBMain.java:43)
@2007-03-22 15:32:49,139 #-# ERROR #-# main #-# no.yts.dbtool.DBCon #-# DBCon.java #-# 340 #-# regOrderline() #-# regOrderHead()
javax.persistence.RollbackException: Exception [TOPLINK-4002] (Oracle TopLink Essentials - 2006.8 (Build 060830)): oracle.toplink.essentials.exceptions.DatabaseException
Internal Exception: java.sql.SQLException: ORA-01400: kan ikke sette inn NULL i ("YTS2"."ORDERLINE"."ORDERID")
Error Code: 1400
Call:INSERT INTO ORDERLINE (oLineId, prodId, supProdId, unit, price, amount, orderId) VALUES (?, ?, ?, ?, ?, ?, ?)
	bind => [1, 3, 4, stk, 4.5, 2, null]
Query:InsertObjectQuery(DBTool.Orderline[id=1])
	at oracle.toplink.essentials.internal.ejb.cmp3.transaction.base.EntityTransactionImpl.commit(EntityTransactionImpl.java:109)
	at oracle.toplink.essentials.internal.ejb.cmp3.transaction.EntityTransactionImpl.commit(EntityTransactionImpl.java:45)
	at no.yts.dbtool.DBCon.regOrderline(DBCon.java:336)
	at no.yts.dbtool.DBMain.setTestOrderLine(DBMain.java:192)
	at no.yts.dbtool.DBMain.main(DBMain.java:43)
Caused by: Exception [TOPLINK-4002] (Oracle TopLink Essentials - 2006.8 (Build 060830)): oracle.toplink.essentials.exceptions.DatabaseException
Internal Exception: java.sql.SQLException: ORA-01400: kan ikke sette inn NULL i ("YTS2"."ORDERLINE"."ORDERID")
Error Code: 1400
Call:INSERT INTO ORDERLINE (oLineId, prodId, supProdId, unit, price, amount, orderId) VALUES (?, ?, ?, ?, ?, ?, ?)
	bind => [1, 3, 4, stk, 4.5, 2, null]
Query:InsertObjectQuery(DBTool.Orderline[id=1])
	at oracle.toplink.essentials.exceptions.DatabaseException.sqlException(DatabaseException.java:295)
	at oracle.toplink.essentials.internal.databaseaccess.DatabaseAccessor.executeDirectNoSelect(DatabaseAccessor.java:639)
	at oracle.toplink.essentials.internal.databaseaccess.DatabaseAccessor.executeNoSelect(DatabaseAccessor.java:688)
	at oracle.toplink.essentials.internal.databaseaccess.DatabaseAccessor.basicExecuteCall(DatabaseAccessor.java:477)
	at oracle.toplink.essentials.internal.databaseaccess.DatabaseAccessor.executeCall(DatabaseAccessor.java:437)
	at oracle.toplink.essentials.internal.sessions.AbstractSession.executeCall(AbstractSession.java:675)
	at oracle.toplink.essentials.internal.queryframework.DatasourceCallQueryMechanism.executeCall(DatasourceCallQueryMechanism.java:213)
	at oracle.toplink.essentials.internal.queryframework.DatasourceCallQueryMechanism.executeCall(DatasourceCallQueryMechanism.java:199)
	at oracle.toplink.essentials.internal.queryframework.DatasourceCallQueryMechanism.insertObject(DatasourceCallQueryMechanism.java:331)
	at oracle.toplink.essentials.internal.queryframework.StatementQueryMechanism.insertObject(StatementQueryMechanism.java:176)
	at oracle.toplink.essentials.internal.queryframework.StatementQueryMechanism.insertObject(StatementQueryMechanism.java:190)
	at oracle.toplink.essentials.internal.queryframework.DatabaseQueryMechanism.insertObjectForWrite(DatabaseQueryMechanism.java:457)
	at oracle.toplink.essentials.queryframework.InsertObjectQuery.executeCommit(InsertObjectQuery.java:74)
	at oracle.toplink.essentials.internal.queryframework.DatabaseQueryMechanism.performUserDefinedWrite(DatabaseQueryMechanism.java:635)
	at oracle.toplink.essentials.internal.queryframework.DatabaseQueryMechanism.performUserDefinedInsert(DatabaseQueryMechanism.java:599)
	at oracle.toplink.essentials.internal.queryframework.DatabaseQueryMechanism.insertObjectForWriteWithChangeSet(DatabaseQueryMechanism.java:495)
	at oracle.toplink.essentials.queryframework.WriteObjectQuery.executeCommitWithChangeSet(WriteObjectQuery.java:130)
	at oracle.toplink.essentials.internal.queryframework.DatabaseQueryMechanism.executeWriteWithChangeSet(DatabaseQueryMechanism.java:283)
	at oracle.toplink.essentials.queryframework.WriteObjectQuery.executeDatabaseQuery(WriteObjectQuery.java:67)
	at oracle.toplink.essentials.queryframework.DatabaseQuery.execute(DatabaseQuery.java:609)
	at oracle.toplink.essentials.queryframework.DatabaseQuery.executeInUnitOfWork(DatabaseQuery.java:536)
	at oracle.toplink.essentials.queryframework.ObjectLevelModifyQuery.executeInUnitOfWorkObjectLevelModifyQuery(ObjectLevelModifyQuery.java:123)
	at oracle.toplink.essentials.queryframework.ObjectLevelModifyQuery.executeInUnitOfWork(ObjectLevelModifyQuery.java:95)
	at oracle.toplink.essentials.internal.sessions.UnitOfWorkImpl.internalExecuteQuery(UnitOfWorkImpl.java:2218)
	at oracle.toplink.essentials.internal.sessions.AbstractSession.executeQuery(AbstractSession.java:937)
	at oracle.toplink.essentials.internal.sessions.AbstractSession.executeQuery(AbstractSession.java:894)
	at oracle.toplink.essentials.internal.sessions.CommitManager.commitNewObjectsForClassWithChangeSet(CommitManager.java:254)
	at oracle.toplink.essentials.internal.sessions.CommitManager.commitAllObjectsWithChangeSet(CommitManager.java:175)
	at oracle.toplink.essentials.internal.sessions.AbstractSession.writeAllObjectsWithChangeSet(AbstractSession.java:2638)
	at oracle.toplink.essentials.internal.sessions.UnitOfWorkImpl.commitToDatabase(UnitOfWorkImpl.java:1030)
	at oracle.toplink.essentials.internal.ejb.cmp3.base.RepeatableWriteUnitOfWork.commitToDatabase(RepeatableWriteUnitOfWork.java:357)
	at oracle.toplink.essentials.internal.sessions.UnitOfWorkImpl.commitToDatabaseWithChangeSet(UnitOfWorkImpl.java:1112)
	at oracle.toplink.essentials.internal.ejb.cmp3.base.RepeatableWriteUnitOfWork.commitRootUnitOfWork(RepeatableWriteUnitOfWork.java:82)
	at oracle.toplink.essentials.internal.sessions.UnitOfWorkImpl.commitAndResume(UnitOfWorkImpl.java:842)
	at oracle.toplink.essentials.internal.ejb.cmp3.transaction.base.EntityTransactionImpl.commit(EntityTransactionImpl.java:90)
	... 4 more
Caused by: java.sql.SQLException: ORA-01400: kan ikke sette inn NULL i ("YTS2"."ORDERLINE"."ORDERID")

	at oracle.jdbc.dbaccess.DBError.throwSqlException(DBError.java:134)
	at oracle.jdbc.ttc7.TTIoer.processError(TTIoer.java:289)
	at oracle.jdbc.ttc7.Oall7.receive(Oall7.java:573)
	at oracle.jdbc.ttc7.TTC7Protocol.doOall7(TTC7Protocol.java:1891)
	at oracle.jdbc.ttc7.TTC7Protocol.parseExecuteFetch(TTC7Protocol.java:1093)
	at oracle.jdbc.driver.OracleStatement.executeNonQuery(OracleStatement.java:2047)
	at oracle.jdbc.driver.OracleStatement.doExecuteOther(OracleStatement.java:1940)
	at oracle.jdbc.driver.OracleStatement.doExecuteWithTimeout(OracleStatement.java:2709)
	at oracle.jdbc.driver.OraclePreparedStatement.executeUpdate(OraclePreparedStatement.java:589)
	at oracle.toplink.essentials.internal.databaseaccess.DatabaseAccessor.executeDirectNoSelect(DatabaseAccessor.java:632)
	... 37 more
@2007-03-22 15:32:49,229 #-# INFO #-# main #-# no.yts.dbtool.DBCon #-# DBCon.java #-# 619 #-# regSupplier() #-# supplier saved
@2007-03-22 15:32:49,249 #-# INFO #-# main #-# no.yts.dbtool.DBCon #-# DBCon.java #-# 619 #-# regSupplier() #-# supplier saved
@2007-03-22 15:32:49,279 #-# INFO #-# main #-# no.yts.dbtool.DBCon #-# DBCon.java #-# 619 #-# regSupplier() #-# supplier saved
@2007-03-22 15:32:49,299 #-# INFO #-# main #-# no.yts.dbtool.DBCon #-# DBCon.java #-# 619 #-# regSupplier() #-# supplier saved
@2007-03-22 15:32:49,329 #-# INFO #-# main #-# no.yts.dbtool.DBCon #-# DBCon.java #-# 619 #-# regSupplier() #-# supplier saved
@2007-03-22 15:32:49,619 #-# INFO #-# main #-# no.yts.dbtool.DBCon #-# DBCon.java #-# 471 #-# regProduct() #-# product saved
@2007-03-22 15:32:49,660 #-# INFO #-# main #-# no.yts.dbtool.DBCon #-# DBCon.java #-# 471 #-# regProduct() #-# product saved
@2007-03-22 15:32:49,680 #-# INFO #-# main #-# no.yts.dbtool.DBCon #-# DBCon.java #-# 471 #-# regProduct() #-# product saved
@2007-03-22 15:32:49,710 #-# INFO #-# main #-# no.yts.dbtool.DBCon #-# DBCon.java #-# 471 #-# regProduct() #-# product saved
@2007-03-22 15:32:49,740 #-# INFO #-# main #-# no.yts.dbtool.DBCon #-# DBCon.java #-# 471 #-# regProduct() #-# product saved
@2007-03-22 15:32:49,850 #-# INFO #-# main #-# no.yts.dbtool.DBCon #-# DBCon.java #-# 357 #-# regStores() #-# Stores saved
@2007-03-22 15:32:49,950 #-# INFO #-# main #-# no.yts.dbtool.DBCon #-# DBCon.java #-# 384 #-# regStoreLog() #-# Stores saved
@2007-03-22 15:33:48,344 #-# INFO #-# main #-# no.yts.dbtool.DBCon #-# DBCon.java #-# 642 #-# closeEM() #-# Entitymanager is now closed
@2007-03-22 15:33:48,344 #-# ERROR #-# main #-# no.yts.dbtool.DBCon #-# DBCon.java #-# 635 #-# closeEMF() #-# closeEMF()
java.lang.NullPointerException
	at no.yts.dbtool.DBCon.closeEMF(DBCon.java:632)
	at no.yts.dbtool.DBCon.closeEM(DBCon.java:643)
	at no.yts.dbtool.DBMain.main(DBMain.java:60)
@2007-03-22 15:38:31,161 #-# INFO #-# main #-# no.yts.dbtool.DBCon #-# DBCon.java #-# 196 #-# regProductCategory() #-# ProductCategory saved
@2007-03-22 15:38:31,271 #-# INFO #-# main #-# no.yts.dbtool.DBCon #-# DBCon.java #-# 196 #-# regProductCategory() #-# ProductCategory saved
@2007-03-22 15:38:31,291 #-# INFO #-# main #-# no.yts.dbtool.DBCon #-# DBCon.java #-# 196 #-# regProductCategory() #-# ProductCategory saved
@2007-03-22 15:38:31,331 #-# INFO #-# main #-# no.yts.dbtool.DBCon #-# DBCon.java #-# 196 #-# regProductCategory() #-# ProductCategory saved
@2007-03-22 15:38:31,361 #-# INFO #-# main #-# no.yts.dbtool.DBCon #-# DBCon.java #-# 196 #-# regProductCategory() #-# ProductCategory saved
@2007-03-22 15:38:31,661 #-# INFO #-# main #-# no.yts.dbtool.DBCon #-# DBCon.java #-# 229 #-# regProductGroup() #-# ProductGroup saved
@2007-03-22 15:38:31,721 #-# INFO #-# main #-# no.yts.dbtool.DBCon #-# DBCon.java #-# 229 #-# regProductGroup() #-# ProductGroup saved
@2007-03-22 15:38:31,781 #-# INFO #-# main #-# no.yts.dbtool.DBCon #-# DBCon.java #-# 229 #-# regProductGroup() #-# ProductGroup saved
@2007-03-22 15:38:31,822 #-# INFO #-# main #-# no.yts.dbtool.DBCon #-# DBCon.java #-# 229 #-# regProductGroup() #-# ProductGroup saved
@2007-03-22 15:38:31,892 #-# INFO #-# main #-# no.yts.dbtool.DBCon #-# DBCon.java #-# 229 #-# regProductGroup() #-# ProductGroup saved
@2007-03-22 15:38:31,922 #-# INFO #-# main #-# no.yts.dbtool.DBCon #-# DBCon.java #-# 229 #-# regProductGroup() #-# ProductGroup saved
@2007-03-22 15:38:31,962 #-# INFO #-# main #-# no.yts.dbtool.DBCon #-# DBCon.java #-# 229 #-# regProductGroup() #-# ProductGroup saved
@2007-03-22 15:38:31,992 #-# INFO #-# main #-# no.yts.dbtool.DBCon #-# DBCon.java #-# 229 #-# regProductGroup() #-# ProductGroup saved
@2007-03-22 15:38:32,032 #-# INFO #-# main #-# no.yts.dbtool.DBCon #-# DBCon.java #-# 229 #-# regProductGroup() #-# ProductGroup saved
@2007-03-22 15:38:32,072 #-# INFO #-# main #-# no.yts.dbtool.DBCon #-# DBCon.java #-# 229 #-# regProductGroup() #-# ProductGroup saved
@2007-03-22 15:38:32,092 #-# INFO #-# main #-# no.yts.dbtool.DBCon #-# DBCon.java #-# 229 #-# regProductGroup() #-# ProductGroup saved
@2007-03-22 15:38:32,122 #-# INFO #-# main #-# no.yts.dbtool.DBCon #-# DBCon.java #-# 229 #-# regProductGroup() #-# ProductGroup saved
@2007-03-22 15:38:32,162 #-# INFO #-# main #-# no.yts.dbtool.DBCon #-# DBCon.java #-# 229 #-# regProductGroup() #-# ProductGroup saved
@2007-03-22 15:38:32,192 #-# INFO #-# main #-# no.yts.dbtool.DBCon #-# DBCon.java #-# 229 #-# regProductGroup() #-# ProductGroup saved
@2007-03-22 15:38:32,212 #-# INFO #-# main #-# no.yts.dbtool.DBCon #-# DBCon.java #-# 229 #-# regProductGroup() #-# ProductGroup saved
@2007-03-22 15:38:32,242 #-# INFO #-# main #-# no.yts.dbtool.DBCon #-# DBCon.java #-# 229 #-# regProductGroup() #-# ProductGroup saved
@2007-03-22 15:38:32,272 #-# INFO #-# main #-# no.yts.dbtool.DBCon #-# DBCon.java #-# 229 #-# regProductGroup() #-# ProductGroup saved
@2007-03-22 15:38:32,312 #-# INFO #-# main #-# no.yts.dbtool.DBCon #-# DBCon.java #-# 229 #-# regProductGroup() #-# ProductGroup saved
@2007-03-22 15:38:32,342 #-# INFO #-# main #-# no.yts.dbtool.DBCon #-# DBCon.java #-# 229 #-# regProductGroup() #-# ProductGroup saved
@2007-03-22 15:38:32,372 #-# INFO #-# main #-# no.yts.dbtool.DBCon #-# DBCon.java #-# 229 #-# regProductGroup() #-# ProductGroup saved
@2007-03-22 15:38:32,422 #-# INFO #-# main #-# no.yts.dbtool.DBCon #-# DBCon.java #-# 229 #-# regProductGroup() #-# ProductGroup saved
@2007-03-22 15:38:32,563 #-# INFO #-# main #-# no.yts.dbtool.DBCon #-# DBCon.java #-# 309 #-# regOrderHead() #-# OrderHead saved
@2007-03-22 15:38:32,693 #-# INFO #-# main #-# no.yts.dbtool.DBCon #-# DBCon.java #-# 337 #-# regOrderline() #-# Orderline saved
@2007-03-22 15:38:32,783 #-# INFO #-# main #-# no.yts.dbtool.DBCon #-# DBCon.java #-# 619 #-# regSupplier() #-# supplier saved
@2007-03-22 15:38:32,823 #-# INFO #-# main #-# no.yts.dbtool.DBCon #-# DBCon.java #-# 619 #-# regSupplier() #-# supplier saved
@2007-03-22 15:38:32,853 #-# INFO #-# main #-# no.yts.dbtool.DBCon #-# DBCon.java #-# 619 #-# regSupplier() #-# supplier saved
@2007-03-22 15:38:32,903 #-# INFO #-# main #-# no.yts.dbtool.DBCon #-# DBCon.java #-# 619 #-# regSupplier() #-# supplier saved
@2007-03-22 15:38:32,933 #-# INFO #-# main #-# no.yts.dbtool.DBCon #-# DBCon.java #-# 619 #-# regSupplier() #-# supplier saved
@2007-03-22 15:38:33,143 #-# INFO #-# main #-# no.yts.dbtool.DBCon #-# DBCon.java #-# 471 #-# regProduct() #-# product saved
@2007-03-22 15:38:33,173 #-# INFO #-# main #-# no.yts.dbtool.DBCon #-# DBCon.java #-# 471 #-# regProduct() #-# product saved
@2007-03-22 15:38:33,204 #-# INFO #-# main #-# no.yts.dbtool.DBCon #-# DBCon.java #-# 471 #-# regProduct() #-# product saved
@2007-03-22 15:38:33,234 #-# INFO #-# main #-# no.yts.dbtool.DBCon #-# DBCon.java #-# 471 #-# regProduct() #-# product saved
@2007-03-22 15:38:33,264 #-# INFO #-# main #-# no.yts.dbtool.DBCon #-# DBCon.java #-# 471 #-# regProduct() #-# product saved
@2007-03-22 15:38:33,374 #-# INFO #-# main #-# no.yts.dbtool.DBCon #-# DBCon.java #-# 357 #-# regStores() #-# Stores saved
@2007-03-22 15:38:33,524 #-# INFO #-# main #-# no.yts.dbtool.DBCon #-# DBCon.java #-# 384 #-# regStoreLog() #-# Stores saved
@2007-03-22 15:39:26,270 #-# INFO #-# main #-# no.yts.dbtool.DBCon #-# DBCon.java #-# 642 #-# closeEM() #-# Entitymanager is now closed
@2007-03-22 15:39:26,280 #-# ERROR #-# main #-# no.yts.dbtool.DBCon #-# DBCon.java #-# 635 #-# closeEMF() #-# closeEMF()
java.lang.NullPointerException
	at no.yts.dbtool.DBCon.closeEMF(DBCon.java:632)
	at no.yts.dbtool.DBCon.closeEM(DBCon.java:643)
	at no.yts.dbtool.DBMain.main(DBMain.java:60)
@2007-03-22 16:38:34,332 #-# INFO #-# AWT-EventQueue-0 #-# no.yts.admintool.FrmMain #-# FrmMain.java #-# 34 #-# <init>() #-# FrmMain Object created
@2007-03-22 16:43:07,965 #-# INFO #-# AWT-EventQueue-0 #-# no.yts.admintool.FrmMain #-# FrmMain.java #-# 34 #-# <init>() #-# FrmMain Object created
@2007-03-22 16:43:36,436 #-# INFO #-# AWT-EventQueue-0 #-# no.yts.dbtool.DBCon #-# DBCon.java #-# 642 #-# closeEM() #-# Entitymanager is now closed
@2007-03-22 16:43:36,476 #-# INFO #-# AWT-EventQueue-0 #-# no.yts.dbtool.DBCon #-# DBCon.java #-# 633 #-# closeEMF() #-# EntitymanagerFactory is now closed
@2007-03-22 16:44:23,534 #-# INFO #-# AWT-EventQueue-0 #-# no.yts.dbtool.DBCon #-# DBCon.java #-# 642 #-# closeEM() #-# Entitymanager is now closed
@2007-03-22 16:44:23,764 #-# INFO #-# AWT-EventQueue-0 #-# no.yts.dbtool.DBCon #-# DBCon.java #-# 633 #-# closeEMF() #-# EntitymanagerFactory is now closed
@2007-03-22 16:45:56,568 #-# INFO #-# AWT-EventQueue-0 #-# no.yts.dbtool.DBCon #-# DBCon.java #-# 642 #-# closeEM() #-# Entitymanager is now closed
@2007-03-22 16:45:56,578 #-# INFO #-# AWT-EventQueue-0 #-# no.yts.dbtool.DBCon #-# DBCon.java #-# 633 #-# closeEMF() #-# EntitymanagerFactory is now closed
@2007-03-22 16:46:05,961 #-# INFO #-# AWT-EventQueue-0 #-# no.yts.dbtool.DBCon #-# DBCon.java #-# 642 #-# closeEM() #-# Entitymanager is now closed
@2007-03-22 16:46:05,961 #-# INFO #-# AWT-EventQueue-0 #-# no.yts.dbtool.DBCon #-# DBCon.java #-# 633 #-# closeEMF() #-# EntitymanagerFactory is now closed
@2007-03-22 16:46:18,880 #-# INFO #-# AWT-EventQueue-0 #-# no.yts.dbtool.DBCon #-# DBCon.java #-# 642 #-# closeEM() #-# Entitymanager is now closed
@2007-03-22 16:46:18,880 #-# INFO #-# AWT-EventQueue-0 #-# no.yts.dbtool.DBCon #-# DBCon.java #-# 633 #-# closeEMF() #-# EntitymanagerFactory is now closed
@2007-03-22 21:48:48,208 #-# INFO #-# AWT-EventQueue-0 #-# no.yts.admintool.FrmMain #-# FrmMain.java #-# 34 #-# <init>() #-# FrmMain Object created
@2007-03-22 21:49:08,223 #-# INFO #-# AWT-EventQueue-0 #-# no.yts.dbtool.DBCon #-# DBCon.java #-# 642 #-# closeEM() #-# Entitymanager is now closed
@2007-03-22 21:49:08,317 #-# INFO #-# AWT-EventQueue-0 #-# no.yts.dbtool.DBCon #-# DBCon.java #-# 633 #-# closeEMF() #-# EntitymanagerFactory is now closed
@2007-03-22 21:59:09,491 #-# INFO #-# AWT-EventQueue-0 #-# no.yts.admintool.FrmMain #-# FrmMain.java #-# 34 #-# <init>() #-# FrmMain Object created
@2007-03-22 21:59:22,657 #-# INFO #-# AWT-EventQueue-0 #-# no.yts.dbtool.DBCon #-# DBCon.java #-# 646 #-# closeEM() #-# Entitymanager is now closed
@2007-03-22 21:59:22,751 #-# INFO #-# AWT-EventQueue-0 #-# no.yts.dbtool.DBCon #-# DBCon.java #-# 637 #-# closeEMF() #-# EntitymanagerFactory is now closed
@2007-03-22 22:00:35,619 #-# INFO #-# AWT-EventQueue-0 #-# no.yts.dbtool.DBCon #-# DBCon.java #-# 646 #-# closeEM() #-# Entitymanager is now closed
@2007-03-22 22:00:35,697 #-# INFO #-# AWT-EventQueue-0 #-# no.yts.dbtool.DBCon #-# DBCon.java #-# 637 #-# closeEMF() #-# EntitymanagerFactory is now closed
@2007-03-22 22:01:37,129 #-# INFO #-# AWT-EventQueue-0 #-# no.yts.admintool.FrmMain #-# FrmMain.java #-# 34 #-# <init>() #-# FrmMain Object created
@2007-03-22 22:01:47,628 #-# INFO #-# AWT-EventQueue-0 #-# no.yts.dbtool.DBCon #-# DBCon.java #-# 646 #-# closeEM() #-# Entitymanager is now closed
@2007-03-22 22:01:47,722 #-# INFO #-# AWT-EventQueue-0 #-# no.yts.dbtool.DBCon #-# DBCon.java #-# 637 #-# closeEMF() #-# EntitymanagerFactory is now closed
@2007-03-22 22:22:09,966 #-# INFO #-# AWT-EventQueue-0 #-# no.yts.admintool.FrmMain #-# FrmMain.java #-# 34 #-# <init>() #-# FrmMain Object created
@2007-03-22 22:22:22,228 #-# INFO #-# AWT-EventQueue-0 #-# no.yts.dbtool.DBCon #-# DBCon.java #-# 646 #-# closeEM() #-# Entitymanager is now closed
@2007-03-22 22:22:22,306 #-# INFO #-# AWT-EventQueue-0 #-# no.yts.dbtool.DBCon #-# DBCon.java #-# 637 #-# closeEMF() #-# EntitymanagerFactory is now closed
@2007-03-22 22:22:51,291 #-# INFO #-# AWT-EventQueue-0 #-# no.yts.dbtool.DBCon #-# DBCon.java #-# 646 #-# closeEM() #-# Entitymanager is now closed
@2007-03-22 22:22:51,369 #-# INFO #-# AWT-EventQueue-0 #-# no.yts.dbtool.DBCon #-# DBCon.java #-# 637 #-# closeEMF() #-# EntitymanagerFactory is now closed
@2007-03-22 22:23:01,618 #-# INFO #-# AWT-EventQueue-0 #-# no.yts.dbtool.DBCon #-# DBCon.java #-# 646 #-# closeEM() #-# Entitymanager is now closed
@2007-03-22 22:23:01,711 #-# INFO #-# AWT-EventQueue-0 #-# no.yts.dbtool.DBCon #-# DBCon.java #-# 637 #-# closeEMF() #-# EntitymanagerFactory is now closed
@2007-03-22 22:23:28,980 #-# INFO #-# AWT-EventQueue-0 #-# no.yts.dbtool.DBCon #-# DBCon.java #-# 646 #-# closeEM() #-# Entitymanager is now closed
@2007-03-22 22:23:29,058 #-# INFO #-# AWT-EventQueue-0 #-# no.yts.dbtool.DBCon #-# DBCon.java #-# 637 #-# closeEMF() #-# EntitymanagerFactory is now closed
@2007-03-23 00:08:05,902 #-# INFO #-# main #-# no.yts.dbtool.DBCon #-# DBCon.java #-# 196 #-# regProductCategory() #-# ProductCategory saved
@2007-03-23 00:08:05,964 #-# INFO #-# main #-# no.yts.dbtool.DBCon #-# DBCon.java #-# 196 #-# regProductCategory() #-# ProductCategory saved
@2007-03-23 00:08:06,042 #-# INFO #-# main #-# no.yts.dbtool.DBCon #-# DBCon.java #-# 196 #-# regProductCategory() #-# ProductCategory saved
@2007-03-23 00:08:06,105 #-# INFO #-# main #-# no.yts.dbtool.DBCon #-# DBCon.java #-# 196 #-# regProductCategory() #-# ProductCategory saved
@2007-03-23 00:08:06,167 #-# INFO #-# main #-# no.yts.dbtool.DBCon #-# DBCon.java #-# 196 #-# regProductCategory() #-# ProductCategory saved
@2007-03-23 00:08:06,526 #-# INFO #-# main #-# no.yts.dbtool.DBCon #-# DBCon.java #-# 229 #-# regProductGroup() #-# ProductGroup saved
@2007-03-23 00:08:06,588 #-# INFO #-# main #-# no.yts.dbtool.DBCon #-# DBCon.java #-# 229 #-# regProductGroup() #-# ProductGroup saved
@2007-03-23 00:08:06,651 #-# INFO #-# main #-# no.yts.dbtool.DBCon #-# DBCon.java #-# 229 #-# regProductGroup() #-# ProductGroup saved
@2007-03-23 00:08:06,729 #-# INFO #-# main #-# no.yts.dbtool.DBCon #-# DBCon.java #-# 229 #-# regProductGroup() #-# ProductGroup saved
@2007-03-23 00:08:06,807 #-# INFO #-# main #-# no.yts.dbtool.DBCon #-# DBCon.java #-# 229 #-# regProductGroup() #-# ProductGroup saved
@2007-03-23 00:08:06,869 #-# INFO #-# main #-# no.yts.dbtool.DBCon #-# DBCon.java #-# 229 #-# regProductGroup() #-# ProductGroup saved
@2007-03-23 00:08:06,947 #-# INFO #-# main #-# no.yts.dbtool.DBCon #-# DBCon.java #-# 229 #-# regProductGroup() #-# ProductGroup saved
@2007-03-23 00:08:07,009 #-# INFO #-# main #-# no.yts.dbtool.DBCon #-# DBCon.java #-# 229 #-# regProductGroup() #-# ProductGroup saved
@2007-03-23 00:08:07,072 #-# INFO #-# main #-# no.yts.dbtool.DBCon #-# DBCon.java #-# 229 #-# regProductGroup() #-# ProductGroup saved
@2007-03-23 00:08:07,134 #-# INFO #-# main #-# no.yts.dbtool.DBCon #-# DBCon.java #-# 229 #-# regProductGroup() #-# ProductGroup saved
@2007-03-23 00:08:07,212 #-# INFO #-# main #-# no.yts.dbtool.DBCon #-# DBCon.java #-# 229 #-# regProductGroup() #-# ProductGroup saved
@2007-03-23 00:08:07,275 #-# INFO #-# main #-# no.yts.dbtool.DBCon #-# DBCon.java #-# 229 #-# regProductGroup() #-# ProductGroup saved
@2007-03-23 00:08:07,337 #-# INFO #-# main #-# no.yts.dbtool.DBCon #-# DBCon.java #-# 229 #-# regProductGroup() #-# ProductGroup saved
@2007-03-23 00:08:07,399 #-# INFO #-# main #-# no.yts.dbtool.DBCon #-# DBCon.java #-# 229 #-# regProductGroup() #-# ProductGroup saved
@2007-03-23 00:08:07,493 #-# INFO #-# main #-# no.yts.dbtool.DBCon #-# DBCon.java #-# 229 #-# regProductGroup() #-# ProductGroup saved
@2007-03-23 00:08:07,555 #-# INFO #-# main #-# no.yts.dbtool.DBCon #-# DBCon.java #-# 229 #-# regProductGroup() #-# ProductGroup saved
@2007-03-23 00:08:07,633 #-# INFO #-# main #-# no.yts.dbtool.DBCon #-# DBCon.java #-# 229 #-# regProductGroup() #-# ProductGroup saved
@2007-03-23 00:08:07,696 #-# INFO #-# main #-# no.yts.dbtool.DBCon #-# DBCon.java #-# 229 #-# regProductGroup() #-# ProductGroup saved
@2007-03-23 00:08:07,758 #-# INFO #-# main #-# no.yts.dbtool.DBCon #-# DBCon.java #-# 229 #-# regProductGroup() #-# ProductGroup saved
@2007-03-23 00:08:07,836 #-# INFO #-# main #-# no.yts.dbtool.DBCon #-# DBCon.java #-# 229 #-# regProductGroup() #-# ProductGroup saved
@2007-03-23 00:08:07,899 #-# INFO #-# main #-# no.yts.dbtool.DBCon #-# DBCon.java #-# 229 #-# regProductGroup() #-# ProductGroup saved
@2007-03-23 00:08:08,195 #-# INFO #-# main #-# no.yts.dbtool.DBCon #-# DBCon.java #-# 309 #-# regOrderHead() #-# OrderHead saved
@2007-03-23 00:08:08,460 #-# INFO #-# main #-# no.yts.dbtool.DBCon #-# DBCon.java #-# 337 #-# regOrderline() #-# Orderline saved
@2007-03-23 00:08:08,663 #-# INFO #-# main #-# no.yts.dbtool.DBCon #-# DBCon.java #-# 623 #-# regSupplier() #-# supplier saved
@2007-03-23 00:08:08,741 #-# INFO #-# main #-# no.yts.dbtool.DBCon #-# DBCon.java #-# 623 #-# regSupplier() #-# supplier saved
@2007-03-23 00:08:08,803 #-# INFO #-# main #-# no.yts.dbtool.DBCon #-# DBCon.java #-# 623 #-# regSupplier() #-# supplier saved
@2007-03-23 00:08:08,881 #-# INFO #-# main #-# no.yts.dbtool.DBCon #-# DBCon.java #-# 623 #-# regSupplier() #-# supplier saved
@2007-03-23 00:08:08,959 #-# INFO #-# main #-# no.yts.dbtool.DBCon #-# DBCon.java #-# 623 #-# regSupplier() #-# supplier saved
@2007-03-23 00:08:09,490 #-# INFO #-# main #-# no.yts.dbtool.DBCon #-# DBCon.java #-# 472 #-# regProduct() #-# product saved
@2007-03-23 00:08:09,568 #-# INFO #-# main #-# no.yts.dbtool.DBCon #-# DBCon.java #-# 472 #-# regProduct() #-# product saved
@2007-03-23 00:08:09,646 #-# INFO #-# main #-# no.yts.dbtool.DBCon #-# DBCon.java #-# 472 #-# regProduct() #-# product saved
@2007-03-23 00:08:09,724 #-# INFO #-# main #-# no.yts.dbtool.DBCon #-# DBCon.java #-# 472 #-# regProduct() #-# product saved
@2007-03-23 00:08:09,786 #-# INFO #-# main #-# no.yts.dbtool.DBCon #-# DBCon.java #-# 472 #-# regProduct() #-# product saved
@2007-03-23 00:08:10,067 #-# INFO #-# main #-# no.yts.dbtool.DBCon #-# DBCon.java #-# 357 #-# regStores() #-# Stores saved
@2007-03-23 00:08:10,348 #-# INFO #-# main #-# no.yts.dbtool.DBCon #-# DBCon.java #-# 384 #-# regStoreLog() #-# Stores saved
@2007-03-23 00:10:33,587 #-# INFO #-# main #-# no.yts.dbtool.DBCon #-# DBCon.java #-# 646 #-# closeEM() #-# Entitymanager is now closed
@2007-03-23 00:10:33,587 #-# ERROR #-# main #-# no.yts.dbtool.DBCon #-# DBCon.java #-# 639 #-# closeEMF() #-# closeEMF()
java.lang.NullPointerException
	at no.yts.dbtool.DBCon.closeEMF(DBCon.java:636)
	at no.yts.dbtool.DBCon.closeEM(DBCon.java:647)
	at no.yts.dbtool.DBMain.main(DBMain.java:60)
@2007-03-23 00:11:08,344 #-# INFO #-# AWT-EventQueue-0 #-# no.yts.admintool.FrmMain #-# FrmMain.java #-# 34 #-# <init>() #-# FrmMain Object created
@2007-03-23 00:12:08,497 #-# INFO #-# AWT-EventQueue-0 #-# no.yts.admintool.FrmMain #-# FrmMain.java #-# 34 #-# <init>() #-# FrmMain Object created
@2007-03-23 00:12:21,601 #-# INFO #-# AWT-EventQueue-0 #-# no.yts.dbtool.DBCon #-# DBCon.java #-# 646 #-# closeEM() #-# Entitymanager is now closed
@2007-03-23 00:12:21,679 #-# INFO #-# AWT-EventQueue-0 #-# no.yts.dbtool.DBCon #-# DBCon.java #-# 637 #-# closeEMF() #-# EntitymanagerFactory is now closed
@2007-03-23 00:12:31,383 #-# INFO #-# AWT-EventQueue-0 #-# no.yts.dbtool.DBCon #-# DBCon.java #-# 646 #-# closeEM() #-# Entitymanager is now closed
@2007-03-23 00:12:31,461 #-# INFO #-# AWT-EventQueue-0 #-# no.yts.dbtool.DBCon #-# DBCon.java #-# 637 #-# closeEMF() #-# EntitymanagerFactory is now closed
@2007-03-23 00:12:47,263 #-# INFO #-# AWT-EventQueue-0 #-# no.yts.dbtool.DBCon #-# DBCon.java #-# 646 #-# closeEM() #-# Entitymanager is now closed
@2007-03-23 00:12:47,357 #-# INFO #-# AWT-EventQueue-0 #-# no.yts.dbtool.DBCon #-# DBCon.java #-# 637 #-# closeEMF() #-# EntitymanagerFactory is now closed
@2007-03-23 00:12:56,233 #-# INFO #-# AWT-EventQueue-0 #-# no.yts.dbtool.DBCon #-# DBCon.java #-# 646 #-# closeEM() #-# Entitymanager is now closed
@2007-03-23 00:12:56,311 #-# INFO #-# AWT-EventQueue-0 #-# no.yts.dbtool.DBCon #-# DBCon.java #-# 637 #-# closeEMF() #-# EntitymanagerFactory is now closed
@2007-03-23 00:13:09,899 #-# INFO #-# AWT-EventQueue-0 #-# no.yts.dbtool.DBCon #-# DBCon.java #-# 646 #-# closeEM() #-# Entitymanager is now closed
@2007-03-23 00:13:09,977 #-# INFO #-# AWT-EventQueue-0 #-# no.yts.dbtool.DBCon #-# DBCon.java #-# 637 #-# closeEMF() #-# EntitymanagerFactory is now closed
@2007-03-23 00:25:42,942 #-# INFO #-# AWT-EventQueue-0 #-# no.yts.admintool.FrmMain #-# FrmMain.java #-# 34 #-# <init>() #-# FrmMain Object created
@2007-03-23 00:26:06,233 #-# INFO #-# AWT-EventQueue-0 #-# no.yts.dbtool.DBCon #-# DBCon.java #-# 654 #-# closeEM() #-# Entitymanager is now closed
@2007-03-23 00:26:06,327 #-# INFO #-# AWT-EventQueue-0 #-# no.yts.dbtool.DBCon #-# DBCon.java #-# 645 #-# closeEMF() #-# EntitymanagerFactory is now closed
@2007-03-23 00:26:13,269 #-# INFO #-# AWT-EventQueue-0 #-# no.yts.dbtool.DBCon #-# DBCon.java #-# 654 #-# closeEM() #-# Entitymanager is now closed
@2007-03-23 00:26:13,362 #-# INFO #-# AWT-EventQueue-0 #-# no.yts.dbtool.DBCon #-# DBCon.java #-# 645 #-# closeEMF() #-# EntitymanagerFactory is now closed
@2007-03-23 00:26:20,523 #-# INFO #-# AWT-EventQueue-0 #-# no.yts.dbtool.DBCon #-# DBCon.java #-# 654 #-# closeEM() #-# Entitymanager is now closed
@2007-03-23 00:26:20,601 #-# INFO #-# AWT-EventQueue-0 #-# no.yts.dbtool.DBCon #-# DBCon.java #-# 645 #-# closeEMF() #-# EntitymanagerFactory is now closed
@2007-03-23 00:26:30,943 #-# INFO #-# AWT-EventQueue-0 #-# no.yts.dbtool.DBCon #-# DBCon.java #-# 654 #-# closeEM() #-# Entitymanager is now closed
@2007-03-23 00:26:31,021 #-# INFO #-# AWT-EventQueue-0 #-# no.yts.dbtool.DBCon #-# DBCon.java #-# 645 #-# closeEMF() #-# EntitymanagerFactory is now closed
@2007-03-23 00:27:24,183 #-# INFO #-# AWT-EventQueue-0 #-# no.yts.dbtool.DBCon #-# DBCon.java #-# 654 #-# closeEM() #-# Entitymanager is now closed
@2007-03-23 00:27:24,261 #-# INFO #-# AWT-EventQueue-0 #-# no.yts.dbtool.DBCon #-# DBCon.java #-# 645 #-# closeEMF() #-# EntitymanagerFactory is now closed
@2007-03-23 00:27:35,041 #-# INFO #-# AWT-EventQueue-0 #-# no.yts.dbtool.DBCon #-# DBCon.java #-# 654 #-# closeEM() #-# Entitymanager is now closed
@2007-03-23 00:27:35,134 #-# INFO #-# AWT-EventQueue-0 #-# no.yts.dbtool.DBCon #-# DBCon.java #-# 645 #-# closeEMF() #-# EntitymanagerFactory is now closed
@2007-03-23 00:27:41,764 #-# INFO #-# AWT-EventQueue-0 #-# no.yts.dbtool.DBCon #-# DBCon.java #-# 654 #-# closeEM() #-# Entitymanager is now closed
@2007-03-23 00:27:41,858 #-# INFO #-# AWT-EventQueue-0 #-# no.yts.dbtool.DBCon #-# DBCon.java #-# 645 #-# closeEMF() #-# EntitymanagerFactory is now closed
@2007-03-23 00:27:52,887 #-# INFO #-# AWT-EventQueue-0 #-# no.yts.dbtool.DBCon #-# DBCon.java #-# 654 #-# closeEM() #-# Entitymanager is now closed
@2007-03-23 00:27:52,965 #-# INFO #-# AWT-EventQueue-0 #-# no.yts.dbtool.DBCon #-# DBCon.java #-# 645 #-# closeEMF() #-# EntitymanagerFactory is now closed
@2007-03-23 00:28:25,928 #-# INFO #-# AWT-EventQueue-0 #-# no.yts.dbtool.DBCon #-# DBCon.java #-# 654 #-# closeEM() #-# Entitymanager is now closed
@2007-03-23 00:28:26,021 #-# INFO #-# AWT-EventQueue-0 #-# no.yts.dbtool.DBCon #-# DBCon.java #-# 645 #-# closeEMF() #-# EntitymanagerFactory is now closed
@2007-03-23 00:28:48,158 #-# INFO #-# AWT-EventQueue-0 #-# no.yts.dbtool.DBCon #-# DBCon.java #-# 654 #-# closeEM() #-# Entitymanager is now closed
@2007-03-23 00:28:48,236 #-# INFO #-# AWT-EventQueue-0 #-# no.yts.dbtool.DBCon #-# DBCon.java #-# 645 #-# closeEMF() #-# EntitymanagerFactory is now closed
@2007-03-23 00:28:58,033 #-# INFO #-# AWT-EventQueue-0 #-# no.yts.dbtool.DBCon #-# DBCon.java #-# 654 #-# closeEM() #-# Entitymanager is now closed
@2007-03-23 00:28:58,142 #-# INFO #-# AWT-EventQueue-0 #-# no.yts.dbtool.DBCon #-# DBCon.java #-# 645 #-# closeEMF() #-# EntitymanagerFactory is now closed
@2007-03-23 00:29:06,550 #-# INFO #-# AWT-EventQueue-0 #-# no.yts.dbtool.DBCon #-# DBCon.java #-# 654 #-# closeEM() #-# Entitymanager is now closed
@2007-03-23 00:29:06,628 #-# INFO #-# AWT-EventQueue-0 #-# no.yts.dbtool.DBCon #-# DBCon.java #-# 645 #-# closeEMF() #-# EntitymanagerFactory is now closed
@2007-03-23 00:31:04,143 #-# INFO #-# AWT-EventQueue-0 #-# no.yts.admintool.FrmMain #-# FrmMain.java #-# 34 #-# <init>() #-# FrmMain Object created
@2007-03-23 00:31:18,589 #-# INFO #-# AWT-EventQueue-0 #-# no.yts.dbtool.DBCon #-# DBCon.java #-# 654 #-# closeEM() #-# Entitymanager is now closed
@2007-03-23 00:31:18,667 #-# INFO #-# AWT-EventQueue-0 #-# no.yts.dbtool.DBCon #-# DBCon.java #-# 645 #-# closeEMF() #-# EntitymanagerFactory is now closed
@2007-03-23 00:31:27,247 #-# INFO #-# AWT-EventQueue-0 #-# no.yts.dbtool.DBCon #-# DBCon.java #-# 654 #-# closeEM() #-# Entitymanager is now closed
@2007-03-23 00:31:27,340 #-# INFO #-# AWT-EventQueue-0 #-# no.yts.dbtool.DBCon #-# DBCon.java #-# 645 #-# closeEMF() #-# EntitymanagerFactory is now closed
@2007-03-23 10:27:29,486 #-# INFO #-# AWT-EventQueue-0 #-# no.yts.admintool.FrmMain #-# FrmMain.java #-# 34 #-# <init>() #-# FrmMain Object created
@2007-03-23 10:28:57,503 #-# INFO #-# AWT-EventQueue-0 #-# no.yts.dbtool.DBCon #-# DBCon.java #-# 654 #-# closeEM() #-# Entitymanager is now closed
@2007-03-23 10:28:57,513 #-# INFO #-# AWT-EventQueue-0 #-# no.yts.dbtool.DBCon #-# DBCon.java #-# 645 #-# closeEMF() #-# EntitymanagerFactory is now closed
@2007-03-23 10:29:03,261 #-# INFO #-# AWT-EventQueue-0 #-# no.yts.dbtool.DBCon #-# DBCon.java #-# 654 #-# closeEM() #-# Entitymanager is now closed
@2007-03-23 10:29:03,271 #-# INFO #-# AWT-EventQueue-0 #-# no.yts.dbtool.DBCon #-# DBCon.java #-# 645 #-# closeEMF() #-# EntitymanagerFactory is now closed
@2007-03-23 10:29:10,301 #-# INFO #-# AWT-EventQueue-0 #-# no.yts.dbtool.DBCon #-# DBCon.java #-# 654 #-# closeEM() #-# Entitymanager is now closed
@2007-03-23 10:29:10,301 #-# INFO #-# AWT-EventQueue-0 #-# no.yts.dbtool.DBCon #-# DBCon.java #-# 645 #-# closeEMF() #-# EntitymanagerFactory is now closed
@2007-03-23 10:29:23,590 #-# INFO #-# AWT-EventQueue-0 #-# no.yts.dbtool.DBCon #-# DBCon.java #-# 654 #-# closeEM() #-# Entitymanager is now closed
@2007-03-23 10:29:23,590 #-# INFO #-# AWT-EventQueue-0 #-# no.yts.dbtool.DBCon #-# DBCon.java #-# 645 #-# closeEMF() #-# EntitymanagerFactory is now closed
@2007-03-23 10:29:35,317 #-# INFO #-# AWT-EventQueue-0 #-# no.yts.dbtool.DBCon #-# DBCon.java #-# 654 #-# closeEM() #-# Entitymanager is now closed
@2007-03-23 10:29:35,327 #-# INFO #-# AWT-EventQueue-0 #-# no.yts.dbtool.DBCon #-# DBCon.java #-# 645 #-# closeEMF() #-# EntitymanagerFactory is now closed
@2007-03-23 10:29:45,672 #-# INFO #-# AWT-EventQueue-0 #-# no.yts.dbtool.DBCon #-# DBCon.java #-# 654 #-# closeEM() #-# Entitymanager is now closed
@2007-03-23 10:29:45,672 #-# INFO #-# AWT-EventQueue-0 #-# no.yts.dbtool.DBCon #-# DBCon.java #-# 645 #-# closeEMF() #-# EntitymanagerFactory is now closed
@2007-03-23 10:30:02,807 #-# INFO #-# AWT-EventQueue-0 #-# no.yts.dbtool.DBCon #-# DBCon.java #-# 654 #-# closeEM() #-# Entitymanager is now closed
@2007-03-23 10:30:02,807 #-# INFO #-# AWT-EventQueue-0 #-# no.yts.dbtool.DBCon #-# DBCon.java #-# 645 #-# closeEMF() #-# EntitymanagerFactory is now closed
@2007-03-23 11:18:25,460 #-# INFO #-# AWT-EventQueue-0 #-# no.yts.admintool.FrmMain #-# FrmMain.java #-# 34 #-# <init>() #-# FrmMain Object created
@2007-03-23 11:18:46,521 #-# INFO #-# AWT-EventQueue-0 #-# no.yts.dbtool.DBCon #-# DBCon.java #-# 654 #-# closeEM() #-# Entitymanager is now closed
@2007-03-23 11:18:46,521 #-# ERROR #-# AWT-EventQueue-0 #-# no.yts.dbtool.DBCon #-# DBCon.java #-# 647 #-# closeEMF() #-# closeEMF()
java.lang.NullPointerException
	at no.yts.dbtool.DBCon.closeEMF(DBCon.java:644)
	at no.yts.dbtool.DBCon.closeEM(DBCon.java:655)
	at no.yts.admintool.FrmMainHelper.setCustList(FrmMainHelper.java:71)
	at no.yts.admintool.FrmMain.jButton1ActionPerformed(FrmMain.java:2544)
	at no.yts.admintool.FrmMain.access$500(FrmMain.java:24)
	at no.yts.admintool.FrmMain$6.actionPerformed(FrmMain.java:759)
	at javax.swing.AbstractButton.fireActionPerformed(AbstractButton.java:1995)
	at javax.swing.AbstractButton$Handler.actionPerformed(AbstractButton.java:2318)
	at javax.swing.DefaultButtonModel.fireActionPerformed(DefaultButtonModel.java:387)
	at javax.swing.DefaultButtonModel.setPressed(DefaultButtonModel.java:242)
	at javax.swing.plaf.basic.BasicButtonListener.mouseReleased(BasicButtonListener.java:236)
	at java.awt.Component.processMouseEvent(Component.java:6038)
	at javax.swing.JComponent.processMouseEvent(JComponent.java:3260)
	at java.awt.Component.processEvent(Component.java:5803)
	at java.awt.Container.processEvent(Container.java:2058)
	at java.awt.Component.dispatchEventImpl(Component.java:4410)
	at java.awt.Container.dispatchEventImpl(Container.java:2116)
	at java.awt.Component.dispatchEvent(Component.java:4240)
	at java.awt.LightweightDispatcher.retargetMouseEvent(Container.java:4322)
	at java.awt.LightweightDispatcher.processMouseEvent(Container.java:3986)
	at java.awt.LightweightDispatcher.dispatchEvent(Container.java:3916)
	at java.awt.Container.dispatchEventImpl(Container.java:2102)
	at java.awt.Window.dispatchEventImpl(Window.java:2429)
	at java.awt.Component.dispatchEvent(Component.java:4240)
	at java.awt.EventQueue.dispatchEvent(EventQueue.java:599)
	at java.awt.EventDispatchThread.pumpOneEventForFilters(EventDispatchThread.java:273)
	at java.awt.EventDispatchThread.pumpEventsForFilter(EventDispatchThread.java:183)
	at java.awt.EventDispatchThread.pumpEventsForHierarchy(EventDispatchThread.java:173)
	at java.awt.EventDispatchThread.pumpEvents(EventDispatchThread.java:168)
	at java.awt.EventDispatchThread.pumpEvents(EventDispatchThread.java:160)
	at java.awt.EventDispatchThread.run(EventDispatchThread.java:121)
@2007-03-23 11:19:15,773 #-# INFO #-# AWT-EventQueue-0 #-# no.yts.dbtool.DBCon #-# DBCon.java #-# 654 #-# closeEM() #-# Entitymanager is now closed
@2007-03-23 11:19:15,813 #-# INFO #-# AWT-EventQueue-0 #-# no.yts.dbtool.DBCon #-# DBCon.java #-# 645 #-# closeEMF() #-# EntitymanagerFactory is now closed
@2007-03-23 12:27:55,036 #-# ERROR #-# main #-# no.yts.dbtool.DBCon #-# DBCon.java #-# 274 #-# getProductGroup() #-# getProductGroup(String name)
javax.persistence.NoResultException: getSingleResult() did not retrieve any entities.
	at oracle.toplink.essentials.internal.ejb.cmp3.EJBQueryImpl.throwNoResultException(EJBQueryImpl.java:223)
	at oracle.toplink.essentials.internal.ejb.cmp3.base.EJBQueryImpl.getSingleResult(EJBQueryImpl.java:475)
	at no.yts.dbtool.DBCon.getProductGroup(DBCon.java:272)
	at no.yts.dbtool.DBMain.main(DBMain.java:56)
@2007-03-23 12:27:55,356 #-# INFO #-# main #-# no.yts.dbtool.DBCon #-# DBCon.java #-# 654 #-# closeEM() #-# Entitymanager is now closed
@2007-03-23 12:27:55,356 #-# ERROR #-# main #-# no.yts.dbtool.DBCon #-# DBCon.java #-# 647 #-# closeEMF() #-# closeEMF()
java.lang.NullPointerException
	at no.yts.dbtool.DBCon.closeEMF(DBCon.java:644)
	at no.yts.dbtool.DBCon.closeEM(DBCon.java:655)
	at no.yts.dbtool.DBMain.main(DBMain.java:63)
@2007-03-23 12:31:09,676 #-# ERROR #-# main #-# no.yts.dbtool.DBCon #-# DBCon.java #-# 274 #-# getProductGroup() #-# getProductGroup(String name)
javax.persistence.NonUniqueResultException: More than one result was returned from Query.getSingleResult()
	at oracle.toplink.essentials.internal.ejb.cmp3.EJBQueryImpl.throwNonUniqueResultException(EJBQueryImpl.java:227)
	at oracle.toplink.essentials.internal.ejb.cmp3.base.EJBQueryImpl.getSingleResult(EJBQueryImpl.java:477)
	at no.yts.dbtool.DBCon.getProductGroup(DBCon.java:272)
	at no.yts.dbtool.DBMain.main(DBMain.java:56)
@2007-03-23 12:31:09,906 #-# INFO #-# main #-# no.yts.dbtool.DBCon #-# DBCon.java #-# 654 #-# closeEM() #-# Entitymanager is now closed
@2007-03-23 12:31:09,906 #-# ERROR #-# main #-# no.yts.dbtool.DBCon #-# DBCon.java #-# 647 #-# closeEMF() #-# closeEMF()
java.lang.NullPointerException
	at no.yts.dbtool.DBCon.closeEMF(DBCon.java:644)
	at no.yts.dbtool.DBCon.closeEM(DBCon.java:655)
	at no.yts.dbtool.DBMain.main(DBMain.java:63)
@2007-03-23 12:33:42,566 #-# INFO #-# main #-# no.yts.dbtool.DBCon #-# DBCon.java #-# 664 #-# closeEM() #-# Entitymanager is now closed
@2007-03-23 12:33:42,566 #-# ERROR #-# main #-# no.yts.dbtool.DBCon #-# DBCon.java #-# 657 #-# closeEMF() #-# closeEMF()
java.lang.NullPointerException
	at no.yts.dbtool.DBCon.closeEMF(DBCon.java:654)
	at no.yts.dbtool.DBCon.closeEM(DBCon.java:665)
	at no.yts.dbtool.DBMain.main(DBMain.java:63)
@2007-03-23 12:37:09,263 #-# INFO #-# main #-# no.yts.dbtool.DBCon #-# DBCon.java #-# 664 #-# closeEM() #-# Entitymanager is now closed
@2007-03-23 12:37:09,323 #-# ERROR #-# main #-# no.yts.dbtool.DBCon #-# DBCon.java #-# 657 #-# closeEMF() #-# closeEMF()
java.lang.NullPointerException
	at no.yts.dbtool.DBCon.closeEMF(DBCon.java:654)
	at no.yts.dbtool.DBCon.closeEM(DBCon.java:665)
	at no.yts.dbtool.DBMain.main(DBMain.java:63)
@2007-03-23 12:37:47,468 #-# INFO #-# main #-# no.yts.dbtool.DBCon #-# DBCon.java #-# 664 #-# closeEM() #-# Entitymanager is now closed
@2007-03-23 12:37:47,468 #-# ERROR #-# main #-# no.yts.dbtool.DBCon #-# DBCon.java #-# 657 #-# closeEMF() #-# closeEMF()
java.lang.NullPointerException
	at no.yts.dbtool.DBCon.closeEMF(DBCon.java:654)
	at no.yts.dbtool.DBCon.closeEM(DBCon.java:665)
	at no.yts.dbtool.DBMain.main(DBMain.java:63)
>>>>>>> .r62
@2007-03-23 18:57:35,500 #-# INFO #-# main #-# no.yts.utilities.PValidator #-# PValidator.java #-# 183 #-# main() #-# Test starting...
@2007-03-23 18:57:35,531 #-# WARN #-# main #-# no.yts.utilities.PValidator #-# PValidator.java #-# 91 #-# checkStr() #-# Invalid character detected: 
@2007-03-23 19:09:30,734 #-# INFO #-# main #-# no.yts.utilities.PValidator #-# PValidator.java #-# 186 #-# main() #-# Test starting...
@2007-03-23 19:09:51,343 #-# INFO #-# main #-# no.yts.utilities.PValidator #-# PValidator.java #-# 186 #-# main() #-# Test starting...
@2007-03-23 19:11:03,453 #-# INFO #-# main #-# no.yts.utilities.PValidator #-# PValidator.java #-# 186 #-# main() #-# Test starting...
@2007-03-23 19:11:03,468 #-# WARN #-# main #-# no.yts.utilities.PValidator #-# PValidator.java #-# 91 #-# checkStr() #-# Invalid character detected:"
@2007-03-23 19:11:52,171 #-# INFO #-# main #-# no.yts.utilities.PValidator #-# PValidator.java #-# 186 #-# main() #-# Test starting...
@2007-03-23 19:11:52,171 #-# WARN #-# main #-# no.yts.utilities.PValidator #-# PValidator.java #-# 91 #-# checkStr() #-# Invalid character detected:"
